/mnt/home/yjo10/packages/enzo_test/src/enzo
worker2088
Wed Jan  4 12:24:59 EST 2023
Making enzo on
/mnt/home/yjo10/packages/enzo_test/src/enzo
make[1]: Entering directory '/mnt/home/yjo10/packages/enzo_test/src/enzo'

   MACHINE: Generic Ubuntu 8.04
   MACHINE-NAME: rusty

   PARAMETER_MAX_SUBGRIDS  [max-subgrids-###]                : 100000
   PARAMETER_MAX_BARYONS  [max-baryons-###]                  : 30
   PARAMETER_MAX_TASKS_PER_NODE  [max-tasks-per-node-###]    : 8
   PARAMETER_MEMORY_POOL_SIZE  [memory-pool-###]             : 100000

   CONFIG_PRECISION  [precision-{32,64}]                     : 64
   CONFIG_PARTICLES  [particles-{32,64,128}]                 : 64
   CONFIG_INTEGERS  [integers-{32,64}]                       : 64
   CONFIG_PARTICLE_IDS  [particle-id-{32,64}]                : 64
   CONFIG_INITS  [inits-{32,64}]                             : 64
   CONFIG_IO  [io-{32,64}]                                   : 32
   CONFIG_USE_MPI  [use-mpi-{yes,no}]                        : yes
   CONFIG_TASKMAP  [taskmap-{yes,no}]                        : no
   CONFIG_PACKED_AMR  [packed-amr-{yes,no}]                  : yes
   CONFIG_PACKED_MEM  [packed-mem-{yes,no}]                  : no
   CONFIG_LCAPERF  [lcaperf-{yes,no}]                        : no
   CONFIG_PAPI  [papi-{yes,no}]                              : no
   CONFIG_PYTHON  [python-{yes,no}]                          : no
   CONFIG_NEW_PROBLEM_TYPES  [new-problem-types-{yes,no}]    : no
   CONFIG_ECUDA  [cuda-{yes,no}]                             : no
   CONFIG_OOC_BOUNDARY  [ooc-boundary-{yes,no}]              : no
   CONFIG_ACCELERATION_BOUNDARY  [acceleration-boundary-{yes,no}] : yes
   CONFIG_OPT  [opt-{warn,debug,cudadebug,high,aggressive}]  : debug
   CONFIG_TESTING  [testing-{yes,no}]                        : no
   CONFIG_PHOTON  [photon-{yes,no}]                          : yes
   CONFIG_HYPRE  [hypre-{yes,no}]                            : no
   CONFIG_EMISSIVITY  [emissivity-{yes,no}]                  : no
   CONFIG_USE_HDF4  [use-hdf4-{yes,no}]                      : no
   CONFIG_NEW_GRID_IO  [newgridio-{yes,no}]                  : yes
   CONFIG_BITWISE_IDENTICALITY  [bitwise-{yes,no}]           : no
   CONFIG_FAST_SIB  [fastsib-{yes,no}]                       : yes
   CONFIG_GRAVITY_4S  [gravity-4s-{yes,no}]                  : no
   CONFIG_ENZO_PERFORMANCE  [enzo-performance-{yes,no}]      : yes
   CONFIG_GRACKLE  [grackle-{yes,no}]                        : no
   CONFIG_LOG2ALLOC  [log2alloc-{yes,no}]                    : no
   CONFIG_UUID  [uuid-{yes,no}]                              : yes

make[1]: Leaving directory '/mnt/home/yjo10/packages/enzo_test/src/enzo'
make[1]: Entering directory '/mnt/home/yjo10/packages/enzo_test/src/enzo'

 *** Execute 'gmake clean' before rebuilding executables ***

make[1]: Leaving directory '/mnt/home/yjo10/packages/enzo_test/src/enzo'
Configure complete.

Due to MODULEPATH changes, the following have been reloaded:
  1) openblas/threaded-0.3.20

The following have been reloaded with a version change:
  1) gcc/10.3.0 => gcc/7.5.0


 *** Execute 'gmake clean' before rebuilding executables ***

   MACHINE: Generic Ubuntu 8.04
   MACHINE-NAME: rusty


 *** Execute 'gmake clean' before rebuilding executables ***

slurmstepd: error: *** JOB 2068242 ON worker2088 CANCELLED AT 2023-01-04T12:25:04 ***
