/mnt/home/yjo10/packages/enzo_test/src/enzo
worker2001
Tue Jan  3 19:56:34 EST 2023
Making enzo on
/mnt/home/yjo10/packages/enzo_test/src/enzo
make[1]: Entering directory '/mnt/home/yjo10/packages/enzo_test/src/enzo'

   MACHINE: Generic Ubuntu 8.04
   MACHINE-NAME: rusty

   PARAMETER_MAX_SUBGRIDS  [max-subgrids-###]                : 100000
   PARAMETER_MAX_BARYONS  [max-baryons-###]                  : 30
   PARAMETER_MAX_TASKS_PER_NODE  [max-tasks-per-node-###]    : 8
   PARAMETER_MEMORY_POOL_SIZE  [memory-pool-###]             : 100000

   CONFIG_PRECISION  [precision-{32,64}]                     : 64
   CONFIG_PARTICLES  [particles-{32,64,128}]                 : 64
   CONFIG_INTEGERS  [integers-{32,64}]                       : 64
   CONFIG_PARTICLE_IDS  [particle-id-{32,64}]                : 64
   CONFIG_INITS  [inits-{32,64}]                             : 64
   CONFIG_IO  [io-{32,64}]                                   : 32
   CONFIG_USE_MPI  [use-mpi-{yes,no}]                        : yes
   CONFIG_TASKMAP  [taskmap-{yes,no}]                        : no
   CONFIG_PACKED_AMR  [packed-amr-{yes,no}]                  : yes
   CONFIG_PACKED_MEM  [packed-mem-{yes,no}]                  : no
   CONFIG_LCAPERF  [lcaperf-{yes,no}]                        : no
   CONFIG_PAPI  [papi-{yes,no}]                              : no
   CONFIG_PYTHON  [python-{yes,no}]                          : no
   CONFIG_NEW_PROBLEM_TYPES  [new-problem-types-{yes,no}]    : no
   CONFIG_ECUDA  [cuda-{yes,no}]                             : no
   CONFIG_OOC_BOUNDARY  [ooc-boundary-{yes,no}]              : no
   CONFIG_ACCELERATION_BOUNDARY  [acceleration-boundary-{yes,no}] : yes
   CONFIG_OPT  [opt-{warn,debug,cudadebug,high,aggressive}]  : debug
   CONFIG_TESTING  [testing-{yes,no}]                        : no
   CONFIG_PHOTON  [photon-{yes,no}]                          : yes
   CONFIG_HYPRE  [hypre-{yes,no}]                            : no
   CONFIG_EMISSIVITY  [emissivity-{yes,no}]                  : no
   CONFIG_USE_HDF4  [use-hdf4-{yes,no}]                      : no
   CONFIG_NEW_GRID_IO  [newgridio-{yes,no}]                  : yes
   CONFIG_BITWISE_IDENTICALITY  [bitwise-{yes,no}]           : no
   CONFIG_FAST_SIB  [fastsib-{yes,no}]                       : yes
   CONFIG_GRAVITY_4S  [gravity-4s-{yes,no}]                  : no
   CONFIG_ENZO_PERFORMANCE  [enzo-performance-{yes,no}]      : yes
   CONFIG_GRACKLE  [grackle-{yes,no}]                        : no
   CONFIG_LOG2ALLOC  [log2alloc-{yes,no}]                    : no
   CONFIG_UUID  [uuid-{yes,no}]                              : yes

make[1]: Leaving directory '/mnt/home/yjo10/packages/enzo_test/src/enzo'
make[1]: Entering directory '/mnt/home/yjo10/packages/enzo_test/src/enzo'

 *** Execute 'gmake clean' before rebuilding executables ***

make[1]: Leaving directory '/mnt/home/yjo10/packages/enzo_test/src/enzo'
Configure complete.

Due to MODULEPATH changes, the following have been reloaded:
  1) openblas/threaded-0.3.20

The following have been reloaded with a version change:
  1) gcc/10.3.0 => gcc/7.5.0


 *** Execute 'gmake clean' before rebuilding executables ***

   MACHINE: Generic Ubuntu 8.04
   MACHINE-NAME: rusty


 *** Execute 'gmake clean' before rebuilding executables ***

   CONFIG_PRECISION  [precision-{32,64}]                     : 64

   CONFIG_INTEGERS  [integers-{32,64}]                       : 32

   CONFIG_PARTICLE_IDS  [particle-id-{32,64}]                : 32

   PARAMETER_MAX_BARYONS  [max-baryons-###]                  : 30

   CONFIG_OPT  [opt-{warn,debug,cudadebug,high,aggressive}]  : aggressive

   CONFIG_LCAPERF  [lcaperf-{yes,no}]                        : no

   PARAMETER_MAX_TASKS_PER_NODE  [max-tasks-per-node-###]    : 36

   CONFIG_GRACKLE  [grackle-{yes,no}]                        : yes

   CONFIG_NEW_PROBLEM_TYPES  [new-problem-types-{yes,no}]    : yes

   CONFIG_PHOTON  [photon-{yes,no}]                          : no


   MACHINE: Generic Ubuntu 8.04
   MACHINE-NAME: rusty

   PARAMETER_MAX_SUBGRIDS  [max-subgrids-###]                : 100000
   PARAMETER_MAX_BARYONS  [max-baryons-###]                  : 30
   PARAMETER_MAX_TASKS_PER_NODE  [max-tasks-per-node-###]    : 36
   PARAMETER_MEMORY_POOL_SIZE  [memory-pool-###]             : 100000

   CONFIG_PRECISION  [precision-{32,64}]                     : 64
   CONFIG_PARTICLES  [particles-{32,64,128}]                 : 64
   CONFIG_INTEGERS  [integers-{32,64}]                       : 32
   CONFIG_PARTICLE_IDS  [particle-id-{32,64}]                : 32
   CONFIG_INITS  [inits-{32,64}]                             : 64
   CONFIG_IO  [io-{32,64}]                                   : 32
   CONFIG_USE_MPI  [use-mpi-{yes,no}]                        : yes
   CONFIG_TASKMAP  [taskmap-{yes,no}]                        : no
   CONFIG_PACKED_AMR  [packed-amr-{yes,no}]                  : yes
   CONFIG_PACKED_MEM  [packed-mem-{yes,no}]                  : no
   CONFIG_LCAPERF  [lcaperf-{yes,no}]                        : no
   CONFIG_PAPI  [papi-{yes,no}]                              : no
   CONFIG_PYTHON  [python-{yes,no}]                          : no
   CONFIG_NEW_PROBLEM_TYPES  [new-problem-types-{yes,no}]    : yes
   CONFIG_ECUDA  [cuda-{yes,no}]                             : no
   CONFIG_OOC_BOUNDARY  [ooc-boundary-{yes,no}]              : no
   CONFIG_ACCELERATION_BOUNDARY  [acceleration-boundary-{yes,no}] : yes
   CONFIG_OPT  [opt-{warn,debug,cudadebug,high,aggressive}]  : aggressive
   CONFIG_TESTING  [testing-{yes,no}]                        : no
   CONFIG_PHOTON  [photon-{yes,no}]                          : no
   CONFIG_HYPRE  [hypre-{yes,no}]                            : no
   CONFIG_EMISSIVITY  [emissivity-{yes,no}]                  : no
   CONFIG_USE_HDF4  [use-hdf4-{yes,no}]                      : no
   CONFIG_NEW_GRID_IO  [newgridio-{yes,no}]                  : yes
   CONFIG_BITWISE_IDENTICALITY  [bitwise-{yes,no}]           : no
   CONFIG_FAST_SIB  [fastsib-{yes,no}]                       : yes
   CONFIG_GRAVITY_4S  [gravity-4s-{yes,no}]                  : no
   CONFIG_ENZO_PERFORMANCE  [enzo-performance-{yes,no}]      : yes
   CONFIG_GRACKLE  [grackle-{yes,no}]                        : yes
   CONFIG_LOG2ALLOC  [log2alloc-{yes,no}]                    : no
   CONFIG_UUID  [uuid-{yes,no}]                              : yes


CPP = /mnt/sw/nix/store/494gvfa9gj2ibqg8210v89h2iljfgqj8-gcc-7.5.0/bin/cpp
CC  = /mnt/sw/nix/store/imz0paik74l75yah5d7nx1d47l445gy1-openmpi-4.0.7/bin/mpicc
CXX = /mnt/sw/nix/store/imz0paik74l75yah5d7nx1d47l445gy1-openmpi-4.0.7/bin/mpicxx
FC  = /mnt/sw/nix/store/imz0paik74l75yah5d7nx1d47l445gy1-openmpi-4.0.7/bin/mpif90
F90 = /mnt/sw/nix/store/imz0paik74l75yah5d7nx1d47l445gy1-openmpi-4.0.7/bin/mpif90
LD  = /mnt/sw/nix/store/imz0paik74l75yah5d7nx1d47l445gy1-openmpi-4.0.7/bin/mpicxx

DEFINES = -DLINUX -DH5_USE_16_API   -D__max_subgrids=100000 -D__max_baryons=30 -D__max_cpu_per_node=36 -D__memory_pool_size=100000 -DINITS64 -DSMALL_INTS -DCONFIG_PINT_4 -DIO_32   -DNEW_PROBLEM_TYPES -DUSE_MPI   -DCONFIG_PFLOAT_8 -DCONFIG_BFLOAT_8  -DUSE_HDF5_GROUPS      -DNEW_GRID_IO -DFAST_SIB      -DENZO_PERFORMANCE  -DUSE_GRACKLE  -DUSE_UUID -DSAB

INCLUDES = -I/mnt/sw/nix/store/y21dfwf4vgh0nyqpwk1brp3xz87sxpq6-hdf5-1.8.22//include  -I/mnt/sw/nix/store/imz0paik74l75yah5d7nx1d47l445gy1-openmpi-4.0.7/include       -I/mnt/home/yjo10/packages/grackle/build/include    -I.

CPPFLAGS = -P -traditional
CFLAGS   =  -O3 -g
CXXFLAGS =  -O3 -g
FFLAGS   =  -O3 -g
F90FLAGS =  -O3 -g
LDFLAGS  =  -O3 -g

LIBS     = -L/mnt/sw/nix/store/y21dfwf4vgh0nyqpwk1brp3xz87sxpq6-hdf5-1.8.22//lib -lhdf5 -lz  -lgfortran   -L/mnt/sw/nix/store/imz0paik74l75yah5d7nx1d47l445gy1-openmpi-4.0.7/lib -lmpi        -L/mnt/home/yjo10/packages/grackle/build/lib -lgrackle


Updating DEPEND
Compiling enzo.C
Compiling MHDLoopInit.C
Compiling Grid_MHDLoopInitGrid.C

mpicxx     -c -o enzo.o -DLINUX -DH5_USE_16_API   -D__max_subgrids=100000 -D__max_baryons=30 -D__max_cpu_per_node=36 -D__memory_pool_size=100000 -DINITS64 -DSMALL_INTS -DCONFIG_PINT_4 -DIO_32   -DNEW_PROBLEM_TYPES -DUSE_MPI   -DCONFIG_PFLOAT_8 -DCONFIG_BFLOAT_8  -DUSE_HDF5_GROUPS      -DNEW_GRID_IO -DFAST_SIB      -DENZO_PERFORMANCE  -DUSE_GRACKLE  -DUSE_UUID -DSAB  -O3 -g -I/mnt/sw/nix/store/y21dfwf4vgh0nyqpwk1brp3xz87sxpq6-hdf5-1.8.22//include  -I/mnt/sw/nix/store/imz0paik74l75yah5d7nx1d47l445gy1-openmpi-4.0.7/include       -I/mnt/home/yjo10/packages/grackle/build/include    -I. enzo.C


mpicxx     -c -o MHDLoopInit.o -DLINUX -DH5_USE_16_API   -D__max_subgrids=100000 -D__max_baryons=30 -D__max_cpu_per_node=36 -D__memory_pool_size=100000 -DINITS64 -DSMALL_INTS -DCONFIG_PINT_4 -DIO_32   -DNEW_PROBLEM_TYPES -DUSE_MPI   -DCONFIG_PFLOAT_8 -DCONFIG_BFLOAT_8  -DUSE_HDF5_GROUPS      -DNEW_GRID_IO -DFAST_SIB      -DENZO_PERFORMANCE  -DUSE_GRACKLE  -DUSE_UUID -DSAB  -O3 -g -I/mnt/sw/nix/store/y21dfwf4vgh0nyqpwk1brp3xz87sxpq6-hdf5-1.8.22//include  -I/mnt/sw/nix/store/imz0paik74l75yah5d7nx1d47l445gy1-openmpi-4.0.7/include       -I/mnt/home/yjo10/packages/grackle/build/include    -I. MHDLoopInit.C

In file included from enzo.C:41:0:
Grid.h:1155:20: warning: invalid suffix on literal; C++11 requires a space between literal and string macro [-Wliteral-suffix]
   {fprintf(stdout, "Baryonfield[field = %"ISYM"][index = %"ISYM"] = %g\n",
                    ^
Grid.h:1155:47: warning: invalid suffix on literal; C++11 requires a space between literal and string macro [-Wliteral-suffix]
   {fprintf(stdout, "Baryonfield[field = %"ISYM"][index = %"ISYM"] = %g\n",
                                               ^
enzo.C:820:21: warning: invalid suffix on literal; C++11 requires a space between literal and string macro [-Wliteral-suffix]
     fprintf(stderr, "Failure reported on processor %"ISYM"\n",
                     ^
enzo.C:921:21: warning: invalid suffix on literal; C++11 requires a space between literal and string macro [-Wliteral-suffix]
     fprintf (stderr,"%s:%d %"ISYM" ABORT ON EXIT_FAILURE!\n",
                     ^
enzo.C:929:21: warning: invalid suffix on literal; C++11 requires a space between literal and string macro [-Wliteral-suffix]
     fprintf (stderr,"%s:%d %"ISYM" ABORT ON UNKNOWN EXIT VALUE %"ISYM"!\n",
                     ^
enzo.C:929:34: warning: invalid suffix on literal; C++11 requires a space between literal and string macro [-Wliteral-suffix]
     fprintf (stderr,"%s:%d %"ISYM" ABORT ON UNKNOWN EXIT VALUE %"ISYM"!\n",
                                  ^
In file included from MHDLoopInit.C:12:0:
Grid.h:1155:20: warning: invalid suffix on literal; C++11 requires a space between literal and string macro [-Wliteral-suffix]
   {fprintf(stdout, "Baryonfield[field = %"ISYM"][index = %"ISYM"] = %g\n",
                    ^
Grid.h:1155:47: warning: invalid suffix on literal; C++11 requires a space between literal and string macro [-Wliteral-suffix]
   {fprintf(stdout, "Baryonfield[field = %"ISYM"][index = %"ISYM"] = %g\n",
                                               ^
MHDLoopInit.C:93:25: warning: invalid suffix on literal; C++11 requires a space between literal and string macro [-Wliteral-suffix]
     ret += sscanf(line, "MHDLoopDensity = %"PSYM, &Density);
                         ^
MHDLoopInit.C:94:25: warning: invalid suffix on literal; C++11 requires a space between literal and string macro [-Wliteral-suffix]
     ret += sscanf(line, "MHDLoopPressure = %"PSYM, &Pressure);
                         ^
MHDLoopInit.C:95:25: warning: invalid suffix on literal; C++11 requires a space between literal and string macro [-Wliteral-suffix]
     ret += sscanf(line, "MHDLoopVx = %"PSYM, &Vx);
                         ^
MHDLoopInit.C:96:25: warning: invalid suffix on literal; C++11 requires a space between literal and string macro [-Wliteral-suffix]
     ret += sscanf(line, "MHDLoopVy = %"PSYM, &Vy);
                         ^
MHDLoopInit.C:97:25: warning: invalid suffix on literal; C++11 requires a space between literal and string macro [-Wliteral-suffix]
     ret += sscanf(line, "MHDLoopVz = %"PSYM, &Vz);
                         ^
MHDLoopInit.C:98:25: warning: invalid suffix on literal; C++11 requires a space between literal and string macro [-Wliteral-suffix]
     ret += sscanf(line, "MHDLoopB0 = %"PSYM, &B0);
                         ^
MHDLoopInit.C:99:25: warning: invalid suffix on literal; C++11 requires a space between literal and string macro [-Wliteral-suffix]
     ret += sscanf(line, "MHDLoopR0 = %"PSYM, &R0);
                         ^
MHDLoopInit.C:101:25: warning: invalid suffix on literal; C++11 requires a space between literal and string macro [-Wliteral-suffix]
     ret += sscanf(line, "MHDLoopCenter = %"PSYM" %"PSYM" %"PSYM,
                         ^
MHDLoopInit.C:101:48: warning: invalid suffix on literal; C++11 requires a space between literal and string macro [-Wliteral-suffix]
     ret += sscanf(line, "MHDLoopCenter = %"PSYM" %"PSYM" %"PSYM,
                                                ^
MHDLoopInit.C:101:56: warning: invalid suffix on literal; C++11 requires a space between literal and string macro [-Wliteral-suffix]
     ret += sscanf(line, "MHDLoopCenter = %"PSYM" %"PSYM" %"PSYM,
                                                        ^

mpicxx     -c -o Grid_MHDLoopInitGrid.o -DLINUX -DH5_USE_16_API   -D__max_subgrids=100000 -D__max_baryons=30 -D__max_cpu_per_node=36 -D__memory_pool_size=100000 -DINITS64 -DSMALL_INTS -DCONFIG_PINT_4 -DIO_32   -DNEW_PROBLEM_TYPES -DUSE_MPI   -DCONFIG_PFLOAT_8 -DCONFIG_BFLOAT_8  -DUSE_HDF5_GROUPS      -DNEW_GRID_IO -DFAST_SIB      -DENZO_PERFORMANCE  -DUSE_GRACKLE  -DUSE_UUID -DSAB  -O3 -g -I/mnt/sw/nix/store/y21dfwf4vgh0nyqpwk1brp3xz87sxpq6-hdf5-1.8.22//include  -I/mnt/sw/nix/store/imz0paik74l75yah5d7nx1d47l445gy1-openmpi-4.0.7/include       -I/mnt/home/yjo10/packages/grackle/build/include    -I. Grid_MHDLoopInitGrid.C

In file included from enzo.C:41:0:
Grid.h:2831:13: error: 'int grid::CopyNbodyParticles(int*, int*, double*, double**, double**, double**, double* (*)[4])' cannot be overloaded
         int CopyNbodyParticles(int *count, int NbodyParticleIDTemp[], float NbodyParticleMassTemp[],
             ^~~~~~~~~~~~~~~~~~
Grid.h:1772:7: error: with 'int grid::CopyNbodyParticles(int*, int*, double*, double**, double**, double**, double* (*)[4])'
   int CopyNbodyParticles(int *count, int NbodyParticleIDTemp[], float NbodyParticleMassTemp[],
       ^~~~~~~~~~~~~~~~~~
In file included from enzo.C:30:0:
enzo.C: In function 'Eint32 main(Eint32, char**)':
EnzoTiming.h:408:53: warning: ISO C++ forbids converting a string constant to 'char*' [-Wwrite-strings]
 #define TIMER_REGISTER(name) enzo_timer->create(name)
                                                     ^
enzo.C:303:3: note: in expansion of macro 'TIMER_REGISTER'
   TIMER_REGISTER("CommunicationTranspose");
   ^~~~~~~~~~~~~~
EnzoTiming.h:408:53: warning: ISO C++ forbids converting a string constant to 'char*' [-Wwrite-strings]
 #define TIMER_REGISTER(name) enzo_timer->create(name)
                                                     ^
enzo.C:304:3: note: in expansion of macro 'TIMER_REGISTER'
   TIMER_REGISTER("ComputePotentialFieldLevelZero");
   ^~~~~~~~~~~~~~
EnzoTiming.h:408:53: warning: ISO C++ forbids converting a string constant to 'char*' [-Wwrite-strings]
 #define TIMER_REGISTER(name) enzo_timer->create(name)
                                                     ^
enzo.C:305:3: note: in expansion of macro 'TIMER_REGISTER'
   TIMER_REGISTER("RebuildHierarchy");
   ^~~~~~~~~~~~~~
EnzoTiming.h:408:53: warning: ISO C++ forbids converting a string constant to 'char*' [-Wwrite-strings]
 #define TIMER_REGISTER(name) enzo_timer->create(name)
                                                     ^
enzo.C:306:3: note: in expansion of macro 'TIMER_REGISTER'
   TIMER_REGISTER("SetBoundaryConditions");
   ^~~~~~~~~~~~~~
EnzoTiming.h:408:53: warning: ISO C++ forbids converting a string constant to 'char*' [-Wwrite-strings]
 #define TIMER_REGISTER(name) enzo_timer->create(name)
                                                     ^
enzo.C:307:3: note: in expansion of macro 'TIMER_REGISTER'
   TIMER_REGISTER("SolveHydroEquations");
   ^~~~~~~~~~~~~~
EnzoTiming.h:408:53: warning: ISO C++ forbids converting a string constant to 'char*' [-Wwrite-strings]
 #define TIMER_REGISTER(name) enzo_timer->create(name)
                                                     ^
enzo.C:308:3: note: in expansion of macro 'TIMER_REGISTER'
   TIMER_REGISTER("Total");
   ^~~~~~~~~~~~~~
enzo.C:583:37: warning: ISO C++ forbids converting a string constant to 'char*' [-Wwrite-strings]
         RegionLevel, "amr.particles") == FAIL)
                                     ^
enzo.C:596:35: warning: ISO C++ forbids converting a string constant to 'char*' [-Wwrite-strings]
        ProjectionSmooth, &Exterior) == FAIL)
                                   ^
enzo.C:737:37: warning: ISO C++ forbids converting a string constant to 'char*' [-Wwrite-strings]
   PrintMemoryUsage("Call initialize");
                                     ^
enzo.C:784:43: warning: ISO C++ forbids converting a string constant to 'char*' [-Wwrite-strings]
   PrintMemoryUsage("Call evolve hierarchy");
                                           ^
In file included from MHDLoopInit.C:12:0:
Grid.h:2831:13: error: 'int grid::CopyNbodyParticles(int*, int*, double*, double**, double**, double**, double* (*)[4])' cannot be overloaded
         int CopyNbodyParticles(int *count, int NbodyParticleIDTemp[], float NbodyParticleMassTemp[],
             ^~~~~~~~~~~~~~~~~~
Grid.h:1772:7: error: with 'int grid::CopyNbodyParticles(int*, int*, double*, double**, double**, double**, double* (*)[4])'
   int CopyNbodyParticles(int *count, int NbodyParticleIDTemp[], float NbodyParticleMassTemp[],
       ^~~~~~~~~~~~~~~~~~
In file included from Grid_MHDLoopInitGrid.C:12:0:
Grid.h:1155:20: warning: invalid suffix on literal; C++11 requires a space between literal and string macro [-Wliteral-suffix]
   {fprintf(stdout, "Baryonfield[field = %"ISYM"][index = %"ISYM"] = %g\n",
                    ^
Grid.h:1155:47: warning: invalid suffix on literal; C++11 requires a space between literal and string macro [-Wliteral-suffix]
   {fprintf(stdout, "Baryonfield[field = %"ISYM"][index = %"ISYM"] = %g\n",
                                               ^
Grid_MHDLoopInitGrid.C:21:18: warning: invalid suffix on literal; C++11 requires a space between literal and string macro [-Wliteral-suffix]
   fprintf(stderr,"GridDim %"ISYM" %"ISYM" %"ISYM"\n",GridDimension[0],GridDimension[1],GridDimension[2]);
                  ^
Grid_MHDLoopInitGrid.C:21:33: warning: invalid suffix on literal; C++11 requires a space between literal and string macro [-Wliteral-suffix]
   fprintf(stderr,"GridDim %"ISYM" %"ISYM" %"ISYM"\n",GridDimension[0],GridDimension[1],GridDimension[2]);
                                 ^
Grid_MHDLoopInitGrid.C:21:41: warning: invalid suffix on literal; C++11 requires a space between literal and string macro [-Wliteral-suffix]
   fprintf(stderr,"GridDim %"ISYM" %"ISYM" %"ISYM"\n",GridDimension[0],GridDimension[1],GridDimension[2]);
                                         ^
MHDLoopInit.C: In function 'int MHDLoopInit(FILE*, FILE*, HierarchyEntry&, TopGridData&, ExternalBoundary&)':
MHDLoopInit.C:30:20: warning: ISO C++ forbids converting a string constant to 'char*' [-Wwrite-strings]
   char *DensName = "Density";
                    ^~~~~~~~~
MHDLoopInit.C:31:18: warning: ISO C++ forbids converting a string constant to 'char*' [-Wwrite-strings]
   char *TEName = "TotalEnergy";
                  ^~~~~~~~~~~~~
MHDLoopInit.C:32:20: warning: ISO C++ forbids converting a string constant to 'char*' [-Wwrite-strings]
   char *GEName   = "GasEnergy";
                    ^~~~~~~~~~~
MHDLoopInit.C:33:20: warning: ISO C++ forbids converting a string constant to 'char*' [-Wwrite-strings]
   char *Vel1Name = "x-velocity";
                    ^~~~~~~~~~~~
MHDLoopInit.C:34:20: warning: ISO C++ forbids converting a string constant to 'char*' [-Wwrite-strings]
   char *Vel2Name = "y-velocity";
                    ^~~~~~~~~~~~
MHDLoopInit.C:35:20: warning: ISO C++ forbids converting a string constant to 'char*' [-Wwrite-strings]
   char *Vel3Name = "z-velocity";
                    ^~~~~~~~~~~~
MHDLoopInit.C:36:18: warning: ISO C++ forbids converting a string constant to 'char*' [-Wwrite-strings]
   char *BxName = "Bx";
                  ^~~~
MHDLoopInit.C:37:18: warning: ISO C++ forbids converting a string constant to 'char*' [-Wwrite-strings]
   char *ByName = "By";
                  ^~~~
MHDLoopInit.C:38:18: warning: ISO C++ forbids converting a string constant to 'char*' [-Wwrite-strings]
   char *BzName = "Bz";
                  ^~~~
MHDLoopInit.C:39:19: warning: ISO C++ forbids converting a string constant to 'char*' [-Wwrite-strings]
   char *PhiName = "Phi";
                   ^~~~~
MHDLoopInit.C:62:17: warning: ISO C++ forbids converting a string constant to 'char*' [-Wwrite-strings]
   MHDLabel[0] = "BxF";
                 ^~~~~
MHDLoopInit.C:63:17: warning: ISO C++ forbids converting a string constant to 'char*' [-Wwrite-strings]
   MHDLabel[1] = "ByF";
                 ^~~~~
MHDLoopInit.C:64:17: warning: ISO C++ forbids converting a string constant to 'char*' [-Wwrite-strings]
   MHDLabel[2] = "BzF";
                 ^~~~~
MHDLoopInit.C:66:18: warning: ISO C++ forbids converting a string constant to 'char*' [-Wwrite-strings]
   MHDeLabel[0] = "Ex";
                  ^~~~
MHDLoopInit.C:67:18: warning: ISO C++ forbids converting a string constant to 'char*' [-Wwrite-strings]
   MHDeLabel[1] = "Ey";
                  ^~~~
MHDLoopInit.C:68:18: warning: ISO C++ forbids converting a string constant to 'char*' [-Wwrite-strings]
   MHDeLabel[2] = "Ez";
                  ^~~~
MHDLoopInit.C:71:17: warning: ISO C++ forbids converting a string constant to 'char*' [-Wwrite-strings]
   MHDUnits[0] = "FourPiGauss";
                 ^~~~~~~~~~~~~
MHDLoopInit.C:72:17: warning: ISO C++ forbids converting a string constant to 'char*' [-Wwrite-strings]
   MHDUnits[1] = "FourPiGauss";
                 ^~~~~~~~~~~~~
MHDLoopInit.C:73:17: warning: ISO C++ forbids converting a string constant to 'char*' [-Wwrite-strings]
   MHDUnits[2] = "FourPiGauss";
                 ^~~~~~~~~~~~~
MHDLoopInit.C:75:18: warning: ISO C++ forbids converting a string constant to 'char*' [-Wwrite-strings]
   MHDeUnits[0] = "FourPiGauss";
                  ^~~~~~~~~~~~~
MHDLoopInit.C:76:18: warning: ISO C++ forbids converting a string constant to 'char*' [-Wwrite-strings]
   MHDeUnits[1] = "FourPiGauss";
                  ^~~~~~~~~~~~~
MHDLoopInit.C:77:18: warning: ISO C++ forbids converting a string constant to 'char*' [-Wwrite-strings]
   MHDeUnits[2] = "FourPiGauss";
                  ^~~~~~~~~~~~~
MHDLoopInit.C:79:17: warning: ISO C++ forbids converting a string constant to 'char*' [-Wwrite-strings]
   MHDUnits[0] = "None";
                 ^~~~~~
MHDLoopInit.C:80:17: warning: ISO C++ forbids converting a string constant to 'char*' [-Wwrite-strings]
   MHDUnits[1] = "None";
                 ^~~~~~
MHDLoopInit.C:81:17: warning: ISO C++ forbids converting a string constant to 'char*' [-Wwrite-strings]
   MHDUnits[2] = "None";
                 ^~~~~~
MHDLoopInit.C:83:18: warning: ISO C++ forbids converting a string constant to 'char*' [-Wwrite-strings]
   MHDeUnits[0] = "None";
                  ^~~~~~
MHDLoopInit.C:84:18: warning: ISO C++ forbids converting a string constant to 'char*' [-Wwrite-strings]
   MHDeUnits[1] = "None";
                  ^~~~~~
MHDLoopInit.C:85:18: warning: ISO C++ forbids converting a string constant to 'char*' [-Wwrite-strings]
   MHDeUnits[2] = "None";
                  ^~~~~~

make: *** [Makefile:275: MHDLoopInit.o] Error 1
make: *** Waiting for unfinished jobs....

make: *** [Makefile:275: enzo.o] Error 1
In file included from Grid_MHDLoopInitGrid.C:12:0:
Grid.h:2831:13: error: 'int grid::CopyNbodyParticles(int*, int*, double*, double**, double**, double**, double* (*)[4])' cannot be overloaded
         int CopyNbodyParticles(int *count, int NbodyParticleIDTemp[], float NbodyParticleMassTemp[],
             ^~~~~~~~~~~~~~~~~~
Grid.h:1772:7: error: with 'int grid::CopyNbodyParticles(int*, int*, double*, double**, double**, double**, double* (*)[4])'
   int CopyNbodyParticles(int *count, int NbodyParticleIDTemp[], float NbodyParticleMassTemp[],
       ^~~~~~~~~~~~~~~~~~

make: *** [Makefile:275: Grid_MHDLoopInitGrid.o] Error 1
cp: cannot stat 'enzo.exe': No such file or directory
Make done!
/mnt/home/yjo10/packages/enzo_test/src/enzo
Tue Jan  3 19:56:42 EST 2023
Tue Jan  3 19:56:42 EST 2023
