/mnt/home/yjo10/packages/enzo_test/src/enzo
worker1072
Thu Oct 27 17:19:07 EDT 2022
Making enzo on
/mnt/home/yjo10/packages/enzo_test/src/enzo
make[1]: Entering directory '/mnt/home/yjo10/packages/enzo_test/src/enzo'

   MACHINE: Generic Ubuntu 8.04
   MACHINE-NAME: rusty

   PARAMETER_MAX_SUBGRIDS  [max-subgrids-###]                : 100000
   PARAMETER_MAX_BARYONS  [max-baryons-###]                  : 30
   PARAMETER_MAX_TASKS_PER_NODE  [max-tasks-per-node-###]    : 8
   PARAMETER_MEMORY_POOL_SIZE  [memory-pool-###]             : 100000

   CONFIG_PRECISION  [precision-{32,64}]                     : 64
   CONFIG_PARTICLES  [particles-{32,64,128}]                 : 64
   CONFIG_INTEGERS  [integers-{32,64}]                       : 64
   CONFIG_PARTICLE_IDS  [particle-id-{32,64}]                : 64
   CONFIG_INITS  [inits-{32,64}]                             : 64
   CONFIG_IO  [io-{32,64}]                                   : 32
   CONFIG_USE_MPI  [use-mpi-{yes,no}]                        : yes
   CONFIG_TASKMAP  [taskmap-{yes,no}]                        : no
   CONFIG_PACKED_AMR  [packed-amr-{yes,no}]                  : yes
   CONFIG_PACKED_MEM  [packed-mem-{yes,no}]                  : no
   CONFIG_LCAPERF  [lcaperf-{yes,no}]                        : no
   CONFIG_PAPI  [papi-{yes,no}]                              : no
   CONFIG_PYTHON  [python-{yes,no}]                          : no
   CONFIG_NEW_PROBLEM_TYPES  [new-problem-types-{yes,no}]    : no
   CONFIG_ECUDA  [cuda-{yes,no}]                             : no
   CONFIG_OOC_BOUNDARY  [ooc-boundary-{yes,no}]              : no
   CONFIG_ACCELERATION_BOUNDARY  [acceleration-boundary-{yes,no}] : yes
   CONFIG_OPT  [opt-{warn,debug,cudadebug,high,aggressive}]  : debug
   CONFIG_TESTING  [testing-{yes,no}]                        : no
   CONFIG_PHOTON  [photon-{yes,no}]                          : yes
   CONFIG_HYPRE  [hypre-{yes,no}]                            : no
   CONFIG_EMISSIVITY  [emissivity-{yes,no}]                  : no
   CONFIG_USE_HDF4  [use-hdf4-{yes,no}]                      : no
   CONFIG_NEW_GRID_IO  [newgridio-{yes,no}]                  : yes
   CONFIG_BITWISE_IDENTICALITY  [bitwise-{yes,no}]           : no
   CONFIG_FAST_SIB  [fastsib-{yes,no}]                       : yes
   CONFIG_GRAVITY_4S  [gravity-4s-{yes,no}]                  : no
   CONFIG_ENZO_PERFORMANCE  [enzo-performance-{yes,no}]      : yes
   CONFIG_GRACKLE  [grackle-{yes,no}]                        : no
   CONFIG_LOG2ALLOC  [log2alloc-{yes,no}]                    : no
   CONFIG_UUID  [uuid-{yes,no}]                              : yes

make[1]: Leaving directory '/mnt/home/yjo10/packages/enzo_test/src/enzo'
make[1]: Entering directory '/mnt/home/yjo10/packages/enzo_test/src/enzo'

 *** Execute 'gmake clean' before rebuilding executables ***

make[1]: Leaving directory '/mnt/home/yjo10/packages/enzo_test/src/enzo'
Configure complete.

Due to MODULEPATH changes, the following have been reloaded:
  1) openblas/threaded-0.3.20     2) openmpi/4.0.7

The following have been reloaded with a version change:
  1) gcc/10.3.0 => gcc/7.5.0


 *** Execute 'gmake clean' before rebuilding executables ***

   MACHINE: Generic Ubuntu 8.04
   MACHINE-NAME: rusty


 *** Execute 'gmake clean' before rebuilding executables ***

   CONFIG_PRECISION  [precision-{32,64}]                     : 64

   CONFIG_INTEGERS  [integers-{32,64}]                       : 32

   CONFIG_PARTICLE_IDS  [particle-id-{32,64}]                : 32

   PARAMETER_MAX_BARYONS  [max-baryons-###]                  : 30

   CONFIG_OPT  [opt-{warn,debug,cudadebug,high,aggressive}]  : aggressive

   CONFIG_LCAPERF  [lcaperf-{yes,no}]                        : no

   PARAMETER_MAX_TASKS_PER_NODE  [max-tasks-per-node-###]    : 36

   CONFIG_GRACKLE  [grackle-{yes,no}]                        : yes

   CONFIG_NEW_PROBLEM_TYPES  [new-problem-types-{yes,no}]    : yes


   MACHINE: Generic Ubuntu 8.04
   MACHINE-NAME: rusty

   PARAMETER_MAX_SUBGRIDS  [max-subgrids-###]                : 100000
   PARAMETER_MAX_BARYONS  [max-baryons-###]                  : 30
   PARAMETER_MAX_TASKS_PER_NODE  [max-tasks-per-node-###]    : 36
   PARAMETER_MEMORY_POOL_SIZE  [memory-pool-###]             : 100000

   CONFIG_PRECISION  [precision-{32,64}]                     : 64
   CONFIG_PARTICLES  [particles-{32,64,128}]                 : 64
   CONFIG_INTEGERS  [integers-{32,64}]                       : 32
   CONFIG_PARTICLE_IDS  [particle-id-{32,64}]                : 32
   CONFIG_INITS  [inits-{32,64}]                             : 64
   CONFIG_IO  [io-{32,64}]                                   : 32
   CONFIG_USE_MPI  [use-mpi-{yes,no}]                        : yes
   CONFIG_TASKMAP  [taskmap-{yes,no}]                        : no
   CONFIG_PACKED_AMR  [packed-amr-{yes,no}]                  : yes
   CONFIG_PACKED_MEM  [packed-mem-{yes,no}]                  : no
   CONFIG_LCAPERF  [lcaperf-{yes,no}]                        : no
   CONFIG_PAPI  [papi-{yes,no}]                              : no
   CONFIG_PYTHON  [python-{yes,no}]                          : no
   CONFIG_NEW_PROBLEM_TYPES  [new-problem-types-{yes,no}]    : yes
   CONFIG_ECUDA  [cuda-{yes,no}]                             : no
   CONFIG_OOC_BOUNDARY  [ooc-boundary-{yes,no}]              : no
   CONFIG_ACCELERATION_BOUNDARY  [acceleration-boundary-{yes,no}] : yes
   CONFIG_OPT  [opt-{warn,debug,cudadebug,high,aggressive}]  : aggressive
   CONFIG_TESTING  [testing-{yes,no}]                        : no
   CONFIG_PHOTON  [photon-{yes,no}]                          : yes
   CONFIG_HYPRE  [hypre-{yes,no}]                            : no
   CONFIG_EMISSIVITY  [emissivity-{yes,no}]                  : no
   CONFIG_USE_HDF4  [use-hdf4-{yes,no}]                      : no
   CONFIG_NEW_GRID_IO  [newgridio-{yes,no}]                  : yes
   CONFIG_BITWISE_IDENTICALITY  [bitwise-{yes,no}]           : no
   CONFIG_FAST_SIB  [fastsib-{yes,no}]                       : yes
   CONFIG_GRAVITY_4S  [gravity-4s-{yes,no}]                  : no
   CONFIG_ENZO_PERFORMANCE  [enzo-performance-{yes,no}]      : yes
   CONFIG_GRACKLE  [grackle-{yes,no}]                        : yes
   CONFIG_LOG2ALLOC  [log2alloc-{yes,no}]                    : no
   CONFIG_UUID  [uuid-{yes,no}]                              : yes


CPP = /mnt/sw/nix/store/494gvfa9gj2ibqg8210v89h2iljfgqj8-gcc-7.5.0/bin/cpp
CC  = /mnt/sw/nix/store/imz0paik74l75yah5d7nx1d47l445gy1-openmpi-4.0.7/bin/mpicc
CXX = /mnt/sw/nix/store/imz0paik74l75yah5d7nx1d47l445gy1-openmpi-4.0.7/bin/mpicxx
FC  = /mnt/sw/nix/store/imz0paik74l75yah5d7nx1d47l445gy1-openmpi-4.0.7/bin/mpif90
F90 = /mnt/sw/nix/store/imz0paik74l75yah5d7nx1d47l445gy1-openmpi-4.0.7/bin/mpif90
LD  = /mnt/sw/nix/store/imz0paik74l75yah5d7nx1d47l445gy1-openmpi-4.0.7/bin/mpicxx

DEFINES = -DLINUX -DH5_USE_16_API   -D__max_subgrids=100000 -D__max_baryons=30 -D__max_cpu_per_node=36 -D__memory_pool_size=100000 -DINITS64 -DSMALL_INTS -DCONFIG_PINT_4 -DIO_32   -DNEW_PROBLEM_TYPES -DUSE_MPI   -DCONFIG_PFLOAT_8 -DCONFIG_BFLOAT_8  -DUSE_HDF5_GROUPS   -DTRANSFER   -DNEW_GRID_IO -DFAST_SIB      -DENZO_PERFORMANCE  -DUSE_GRACKLE  -DUSE_UUID -DSAB

INCLUDES = -I/mnt/sw/nix/store/y21dfwf4vgh0nyqpwk1brp3xz87sxpq6-hdf5-1.8.22//include  -I/mnt/sw/nix/store/imz0paik74l75yah5d7nx1d47l445gy1-openmpi-4.0.7/include       -I/mnt/home/yjo10/packages/grackle/build/include    -I.

CPPFLAGS = -P -traditional
CFLAGS   =  -O3 -g
CXXFLAGS =  -O3 -g
FFLAGS   =  -O3 -g
F90FLAGS =  -O3 -g
LDFLAGS  =  -O3 -g

LIBS     = -L/mnt/sw/nix/store/y21dfwf4vgh0nyqpwk1brp3xz87sxpq6-hdf5-1.8.22//lib -lhdf5 -lz  -lgfortran   -L/mnt/sw/nix/store/imz0paik74l75yah5d7nx1d47l445gy1-openmpi-4.0.7/lib -lmpi        -L/mnt/home/yjo10/packages/grackle/build/lib -lgrackle


Updating DEPEND
Compiling enzo.C
Compiling MHDLoopInit.C
Compiling Grid_MHDLoopInitGrid.C
Compiling acml_st1.F
Compiling ActiveParticle.C
Compiling ActiveParticleDepositMass.C
Compiling ActiveParticleFinalize.C
Compiling ActiveParticleFindAll.C
Compiling ActiveParticleInitialize.C
Compiling ActiveParticleResetAccelerations.C
Compiling ActiveParticleRoutines.C
Compiling ActiveParticle_AccretingParticle.C
Compiling ActiveParticle_CenOstriker.C
Compiling ActiveParticle_DisableParticle.C
Compiling ActiveParticle_GalaxyParticle.C
Compiling ActiveParticle_Kravtsov.C
Compiling ActiveParticle_MirrorToParticle.C
Compiling ActiveParticle_PopIII.C
Compiling ActiveParticle_RadiationParticle.C
Compiling ActiveParticle_Skeleton.C
Compiling ActiveParticle_SmartStar.C
Compiling ActiveParticle_SphereContained.C
Compiling ActiveParticle_SpringelHernquist.C
Compiling AdiabaticExpansionInitialize.C
Compiling AdjustRefineRegion.C
Compiling AdjustMustRefineParticlesRefineToLevel.C
Compiling AMRH5writer.C
Compiling AnalysisBaseClass.C
Compiling AnalysisBaseClass_HDF5Utils.C
Compiling arccosh.C
Compiling arcsinh.C
Compiling AssignActiveParticlesToGrids.C
Compiling AssignGridToTaskMap.C
Compiling auto_show_config.C
Compiling auto_show_flags.C
Compiling auto_show_version.C
Compiling BlockSolve.F
Compiling bondi_alpha.C
Compiling calcdiss.F
Compiling calc_dt.F
Compiling calc_dt_c.c
Compiling calc_eigen.F
Compiling calc_photo_rates.F
Compiling calc_rad.F
Compiling calc_rates.F
Compiling calc_tdust_1d.F
Compiling calc_tdust_3d.F
Compiling CalcEmiss.C
Compiling CheckEmissivity.C
Compiling ClearEmissivity.C
Compiling CalculatePopIIILifetime.C
Compiling CalculateSubtractionParameters.C
Compiling CallProblemSpecificRoutines.C
Compiling CallPython.C
Compiling CheckEnergyConservation.C
Compiling CheckForOutput.C
Compiling CheckForResubmit.C
Compiling CheckForTimeAction.C
Compiling CheckOverlap.C
Compiling CheckShearingBoundaryConsistency.C
Compiling chtable.F
Compiling cic_deposit.F
Compiling cic_deposit_c.c
Compiling cic_flag.F
Compiling cic_flag_c.c
Compiling cic_interp.F
Compiling cic_interp_c.c
Compiling cicinterp.F
Compiling cie_thin_cooling_rate.F
Compiling cluster_maker.F
Compiling ClusterInitialize.C
Compiling ClusterSMBHSumGasMass.C
Compiling c_message.C
Compiling colh2diss.F
Compiling CollapseTestInitialize.C
Compiling coll_rates.F
Compiling CommunicationBroadcastValue.C
Compiling CommunicationBufferedSend.C
Compiling CommunicationCombineGrids.C
Compiling CommunicationCollectParticles.C
Compiling CommunicationInitialize.C
Compiling CommunicationLoadBalanceRootGrids.C
Compiling CommunicationLoadBalanceGrids.C
Compiling CommunicationMergeStarParticle.C
Compiling CommunicationParallelFFT.C
Compiling CommunicationPartitionGrid.C
Compiling CommunicationReceiveFluxes.C
Compiling CommunicationReceiveHandler.C
Compiling CommunicationSendFluxes.C
Compiling CommunicationShareActiveParticles.C
Compiling CommunicationShareGrids.C
Compiling CommunicationShareParticles.C
Compiling CommunicationShareStars.C
Compiling CommunicationSyncNumberOfParticles.C
Compiling CommunicationTransferActiveParticles.C
Compiling CommunicationTransferParticlesOpt.C
Compiling CommunicationTransferStarsOpt.C
Compiling CommunicationTransferSubgridParticles.C
Compiling CommunicationTranspose.C
Compiling CommunicationUpdateActiveParticleCount.C
Compiling CommunicationUpdateStarParticleCount.C
Compiling CommunicationUtilities.C
Compiling ComputeDomainBoundaryMassFlux.C
Compiling ConductionBubbleInitialize.C
Compiling ConductionCloudInitialize.C
Compiling ConductionTestInitialize.C
Compiling ConvertParticles2ActiveParticles.C
Compiling comp_accel.F
Compiling ComputePotentialFieldLevelZero.C
Compiling ComputeRandomForcingNormalization.C
Compiling ComputeTable.C

mpicxx     -c -o ComputePotentialFieldLevelZero.o -DLINUX -DH5_USE_16_API   -D__max_subgrids=100000 -D__max_baryons=30 -D__max_cpu_per_node=36 -D__memory_pool_size=100000 -DINITS64 -DSMALL_INTS -DCONFIG_PINT_4 -DIO_32   -DNEW_PROBLEM_TYPES -DUSE_MPI   -DCONFIG_PFLOAT_8 -DCONFIG_BFLOAT_8  -DUSE_HDF5_GROUPS   -DTRANSFER   -DNEW_GRID_IO -DFAST_SIB      -DENZO_PERFORMANCE  -DUSE_GRACKLE  -DUSE_UUID -DSAB  -O3 -g -I/mnt/sw/nix/store/y21dfwf4vgh0nyqpwk1brp3xz87sxpq6-hdf5-1.8.22//include  -I/mnt/sw/nix/store/imz0paik74l75yah5d7nx1d47l445gy1-openmpi-4.0.7/include       -I/mnt/home/yjo10/packages/grackle/build/include    -I. ComputePotentialFieldLevelZero.C

In file included from Grid.h:44:0,
                 from ComputePotentialFieldLevelZero.C:60:
PhotonPackage.h:59:12: warning: invalid suffix on literal; C++11 requires a space between literal and string macro [-Wliteral-suffix]
     printf("Photons = %g, Type = %"ISYM", Radius = %"PSYM"\n", Photons, Type, Radius);
            ^
PhotonPackage.h:59:40: warning: invalid suffix on literal; C++11 requires a space between literal and string macro [-Wliteral-suffix]
     printf("Photons = %g, Type = %"ISYM", Radius = %"PSYM"\n", Photons, Type, Radius);
                                        ^
PhotonPackage.h:61:12: warning: invalid suffix on literal; C++11 requires a space between literal and string macro [-Wliteral-suffix]
     printf("normal = %"PSYM" %"PSYM" %"PSYM"\n", u[0], u[1], u[2]);
            ^
PhotonPackage.h:61:28: warning: invalid suffix on literal; C++11 requires a space between literal and string macro [-Wliteral-suffix]
     printf("normal = %"PSYM" %"PSYM" %"PSYM"\n", u[0], u[1], u[2]);
                            ^
PhotonPackage.h:61:36: warning: invalid suffix on literal; C++11 requires a space between literal and string macro [-Wliteral-suffix]
     printf("normal = %"PSYM" %"PSYM" %"PSYM"\n", u[0], u[1], u[2]);
                                    ^
PhotonPackage.h:62:12: warning: invalid suffix on literal; C++11 requires a space between literal and string macro [-Wliteral-suffix]
     printf("SourcePosition = %"PSYM" %"PSYM" %"PSYM"\n",
            ^
PhotonPackage.h:62:36: warning: invalid suffix on literal; C++11 requires a space between literal and string macro [-Wliteral-suffix]
     printf("SourcePosition = %"PSYM" %"PSYM" %"PSYM"\n",
                                    ^
PhotonPackage.h:62:44: warning: invalid suffix on literal; C++11 requires a space between literal and string macro [-Wliteral-suffix]
     printf("SourcePosition = %"PSYM" %"PSYM" %"PSYM"\n",
                                            ^
PhotonPackage.h:64:12: warning: invalid suffix on literal; C++11 requires a space between literal and string macro [-Wliteral-suffix]
     printf("RayPosition = %"PSYM" %"PSYM" %"PSYM"\n", r[0], r[1], r[2]);
            ^
PhotonPackage.h:64:33: warning: invalid suffix on literal; C++11 requires a space between literal and string macro [-Wliteral-suffix]
     printf("RayPosition = %"PSYM" %"PSYM" %"PSYM"\n", r[0], r[1], r[2]);
                                 ^
PhotonPackage.h:64:41: warning: invalid suffix on literal; C++11 requires a space between literal and string macro [-Wliteral-suffix]
     printf("RayPosition = %"PSYM" %"PSYM" %"PSYM"\n", r[0], r[1], r[2]);
                                         ^
In file included from ComputePotentialFieldLevelZero.C:60:0:
Grid.h:1150:20: warning: invalid suffix on literal; C++11 requires a space between literal and string macro [-Wliteral-suffix]
   {fprintf(stdout, "Baryonfield[field = %"ISYM"][index = %"ISYM"] = %g\n",
                    ^
Grid.h:1150:47: warning: invalid suffix on literal; C++11 requires a space between literal and string macro [-Wliteral-suffix]
   {fprintf(stdout, "Baryonfield[field = %"ISYM"][index = %"ISYM"] = %g\n",
                                               ^
ComputePotentialFieldLevelZero.C:283:14: warning: invalid suffix on literal; C++11 requires a space between literal and string macro [-Wliteral-suffix]
   ENZO_VFAIL("OutRegion(%"ISYM") != GreensRegion(%"ISYM")\n", NumberOfOutRegions,
              ^
ComputePotentialFieldLevelZero.C:283:31: warning: invalid suffix on literal; C++11 requires a space between literal and string macro [-Wliteral-suffix]
   ENZO_VFAIL("OutRegion(%"ISYM") != GreensRegion(%"ISYM")\n", NumberOfOutRegions,
                               ^
ComputePotentialFieldLevelZero.C:383:14: warning: invalid suffix on literal; C++11 requires a space between literal and string macro [-Wliteral-suffix]
   ENZO_VFAIL("OutRegion(%"ISYM") != GreensRegion(%"ISYM")\n", NumberOfOutRegions,
              ^
ComputePotentialFieldLevelZero.C:383:31: warning: invalid suffix on literal; C++11 requires a space between literal and string macro [-Wliteral-suffix]
   ENZO_VFAIL("OutRegion(%"ISYM") != GreensRegion(%"ISYM")\n", NumberOfOutRegions,
                               ^
Compiling ConstructFeedbackZone.C
Compiling Continue.C
ComputePotentialFieldLevelZero.C: In function 'int ComputePotentialFieldLevelZeroPer(TopGridData*, SiblingGridList*, HierarchyEntry**, int)':
ComputePotentialFieldLevelZero.C:389:8: error: redeclaration of 'double coef'
  float coef = GravitationalConstant/a;
        ^~~~
ComputePotentialFieldLevelZero.C:289:8: note: 'double coef' previously declared here
  float coef = GravitationalConstant/a;
        ^~~~

make: *** [Makefile:275: ComputePotentialFieldLevelZero.o] Error 1
make: *** Waiting for unfinished jobs....
cp: cannot stat 'enzo.exe': No such file or directory
Make done!
/mnt/home/yjo10/packages/enzo_test/src/enzo
Thu Oct 27 17:19:45 EDT 2022
Thu Oct 27 17:19:45 EDT 2022
