/mnt/home/yjo10/packages/enzo_test/src/enzo
worker2002
Sat Jan  7 18:10:34 EST 2023
Making enzo on
/mnt/home/yjo10/packages/enzo_test/src/enzo
make[1]: Entering directory '/mnt/home/yjo10/packages/enzo_test/src/enzo'

   MACHINE: Generic Ubuntu 8.04
   MACHINE-NAME: rusty

   PARAMETER_MAX_SUBGRIDS  [max-subgrids-###]                : 100000
   PARAMETER_MAX_BARYONS  [max-baryons-###]                  : 30
   PARAMETER_MAX_TASKS_PER_NODE  [max-tasks-per-node-###]    : 8
   PARAMETER_MEMORY_POOL_SIZE  [memory-pool-###]             : 100000

   CONFIG_PRECISION  [precision-{32,64}]                     : 64
   CONFIG_PARTICLES  [particles-{32,64,128}]                 : 64
   CONFIG_INTEGERS  [integers-{32,64}]                       : 64
   CONFIG_PARTICLE_IDS  [particle-id-{32,64}]                : 64
   CONFIG_INITS  [inits-{32,64}]                             : 64
   CONFIG_IO  [io-{32,64}]                                   : 32
   CONFIG_USE_MPI  [use-mpi-{yes,no}]                        : yes
   CONFIG_TASKMAP  [taskmap-{yes,no}]                        : no
   CONFIG_PACKED_AMR  [packed-amr-{yes,no}]                  : yes
   CONFIG_PACKED_MEM  [packed-mem-{yes,no}]                  : no
   CONFIG_LCAPERF  [lcaperf-{yes,no}]                        : no
   CONFIG_PAPI  [papi-{yes,no}]                              : no
   CONFIG_PYTHON  [python-{yes,no}]                          : no
   CONFIG_NEW_PROBLEM_TYPES  [new-problem-types-{yes,no}]    : no
   CONFIG_ECUDA  [cuda-{yes,no}]                             : no
   CONFIG_OOC_BOUNDARY  [ooc-boundary-{yes,no}]              : no
   CONFIG_ACCELERATION_BOUNDARY  [acceleration-boundary-{yes,no}] : yes
   CONFIG_OPT  [opt-{warn,debug,cudadebug,high,aggressive}]  : debug
   CONFIG_TESTING  [testing-{yes,no}]                        : no
   CONFIG_PHOTON  [photon-{yes,no}]                          : yes
   CONFIG_HYPRE  [hypre-{yes,no}]                            : no
   CONFIG_EMISSIVITY  [emissivity-{yes,no}]                  : no
   CONFIG_USE_HDF4  [use-hdf4-{yes,no}]                      : no
   CONFIG_NEW_GRID_IO  [newgridio-{yes,no}]                  : yes
   CONFIG_BITWISE_IDENTICALITY  [bitwise-{yes,no}]           : no
   CONFIG_FAST_SIB  [fastsib-{yes,no}]                       : yes
   CONFIG_GRAVITY_4S  [gravity-4s-{yes,no}]                  : no
   CONFIG_ENZO_PERFORMANCE  [enzo-performance-{yes,no}]      : yes
   CONFIG_GRACKLE  [grackle-{yes,no}]                        : no
   CONFIG_LOG2ALLOC  [log2alloc-{yes,no}]                    : no
   CONFIG_UUID  [uuid-{yes,no}]                              : yes

make[1]: Leaving directory '/mnt/home/yjo10/packages/enzo_test/src/enzo'
make[1]: Entering directory '/mnt/home/yjo10/packages/enzo_test/src/enzo'

 *** Execute 'gmake clean' before rebuilding executables ***

make[1]: Leaving directory '/mnt/home/yjo10/packages/enzo_test/src/enzo'
Configure complete.

Due to MODULEPATH changes, the following have been reloaded:
  1) openblas/threaded-0.3.20

The following have been reloaded with a version change:
  1) gcc/10.3.0 => gcc/7.5.0


 *** Execute 'gmake clean' before rebuilding executables ***

   MACHINE: Generic Ubuntu 8.04
   MACHINE-NAME: rusty


 *** Execute 'gmake clean' before rebuilding executables ***

   CONFIG_PRECISION  [precision-{32,64}]                     : 64

   CONFIG_INTEGERS  [integers-{32,64}]                       : 32

   CONFIG_PARTICLE_IDS  [particle-id-{32,64}]                : 32

   PARAMETER_MAX_BARYONS  [max-baryons-###]                  : 30

   CONFIG_OPT  [opt-{warn,debug,cudadebug,high,aggressive}]  : aggressive

   CONFIG_LCAPERF  [lcaperf-{yes,no}]                        : no

   PARAMETER_MAX_TASKS_PER_NODE  [max-tasks-per-node-###]    : 36

   CONFIG_GRACKLE  [grackle-{yes,no}]                        : yes

   CONFIG_NEW_PROBLEM_TYPES  [new-problem-types-{yes,no}]    : yes

   CONFIG_PHOTON  [photon-{yes,no}]                          : no


   MACHINE: Generic Ubuntu 8.04
   MACHINE-NAME: rusty

   PARAMETER_MAX_SUBGRIDS  [max-subgrids-###]                : 100000
   PARAMETER_MAX_BARYONS  [max-baryons-###]                  : 30
   PARAMETER_MAX_TASKS_PER_NODE  [max-tasks-per-node-###]    : 36
   PARAMETER_MEMORY_POOL_SIZE  [memory-pool-###]             : 100000

   CONFIG_PRECISION  [precision-{32,64}]                     : 64
   CONFIG_PARTICLES  [particles-{32,64,128}]                 : 64
   CONFIG_INTEGERS  [integers-{32,64}]                       : 32
   CONFIG_PARTICLE_IDS  [particle-id-{32,64}]                : 32
   CONFIG_INITS  [inits-{32,64}]                             : 64
   CONFIG_IO  [io-{32,64}]                                   : 32
   CONFIG_USE_MPI  [use-mpi-{yes,no}]                        : yes
   CONFIG_TASKMAP  [taskmap-{yes,no}]                        : no
   CONFIG_PACKED_AMR  [packed-amr-{yes,no}]                  : yes
   CONFIG_PACKED_MEM  [packed-mem-{yes,no}]                  : no
   CONFIG_LCAPERF  [lcaperf-{yes,no}]                        : no
   CONFIG_PAPI  [papi-{yes,no}]                              : no
   CONFIG_PYTHON  [python-{yes,no}]                          : no
   CONFIG_NEW_PROBLEM_TYPES  [new-problem-types-{yes,no}]    : yes
   CONFIG_ECUDA  [cuda-{yes,no}]                             : no
   CONFIG_OOC_BOUNDARY  [ooc-boundary-{yes,no}]              : no
   CONFIG_ACCELERATION_BOUNDARY  [acceleration-boundary-{yes,no}] : yes
   CONFIG_OPT  [opt-{warn,debug,cudadebug,high,aggressive}]  : aggressive
   CONFIG_TESTING  [testing-{yes,no}]                        : no
   CONFIG_PHOTON  [photon-{yes,no}]                          : no
   CONFIG_HYPRE  [hypre-{yes,no}]                            : no
   CONFIG_EMISSIVITY  [emissivity-{yes,no}]                  : no
   CONFIG_USE_HDF4  [use-hdf4-{yes,no}]                      : no
   CONFIG_NEW_GRID_IO  [newgridio-{yes,no}]                  : yes
   CONFIG_BITWISE_IDENTICALITY  [bitwise-{yes,no}]           : no
   CONFIG_FAST_SIB  [fastsib-{yes,no}]                       : yes
   CONFIG_GRAVITY_4S  [gravity-4s-{yes,no}]                  : no
   CONFIG_ENZO_PERFORMANCE  [enzo-performance-{yes,no}]      : yes
   CONFIG_GRACKLE  [grackle-{yes,no}]                        : yes
   CONFIG_LOG2ALLOC  [log2alloc-{yes,no}]                    : no
   CONFIG_UUID  [uuid-{yes,no}]                              : yes


CPP = /mnt/sw/nix/store/494gvfa9gj2ibqg8210v89h2iljfgqj8-gcc-7.5.0/bin/cpp
CC  = /mnt/sw/nix/store/imz0paik74l75yah5d7nx1d47l445gy1-openmpi-4.0.7/bin/mpicc
CXX = /mnt/sw/nix/store/imz0paik74l75yah5d7nx1d47l445gy1-openmpi-4.0.7/bin/mpicxx
FC  = /mnt/sw/nix/store/imz0paik74l75yah5d7nx1d47l445gy1-openmpi-4.0.7/bin/mpif90
F90 = /mnt/sw/nix/store/imz0paik74l75yah5d7nx1d47l445gy1-openmpi-4.0.7/bin/mpif90
LD  = /mnt/sw/nix/store/imz0paik74l75yah5d7nx1d47l445gy1-openmpi-4.0.7/bin/mpicxx

DEFINES = -DLINUX -DH5_USE_16_API   -D__max_subgrids=100000 -D__max_baryons=30 -D__max_cpu_per_node=36 -D__memory_pool_size=100000 -DINITS64 -DSMALL_INTS -DCONFIG_PINT_4 -DIO_32   -DNEW_PROBLEM_TYPES -DUSE_MPI   -DCONFIG_PFLOAT_8 -DCONFIG_BFLOAT_8  -DUSE_HDF5_GROUPS      -DNEW_GRID_IO -DFAST_SIB      -DENZO_PERFORMANCE  -DUSE_GRACKLE  -DUSE_UUID -DSAB

INCLUDES = -I/mnt/sw/nix/store/y21dfwf4vgh0nyqpwk1brp3xz87sxpq6-hdf5-1.8.22//include  -I/mnt/sw/nix/store/imz0paik74l75yah5d7nx1d47l445gy1-openmpi-4.0.7/include       -I/mnt/home/yjo10/packages/grackle/build/include    -I.

CPPFLAGS = -P -traditional
CFLAGS   =  -O3 -g
CXXFLAGS =  -O3 -g
FFLAGS   =  -O3 -g
F90FLAGS =  -O3 -g
LDFLAGS  =  -O3 -g

LIBS     = -L/mnt/sw/nix/store/y21dfwf4vgh0nyqpwk1brp3xz87sxpq6-hdf5-1.8.22//lib -lhdf5 -lz  -lgfortran   -L/mnt/sw/nix/store/imz0paik74l75yah5d7nx1d47l445gy1-openmpi-4.0.7/lib -lmpi        -L/mnt/home/yjo10/packages/grackle/build/lib -lgrackle


Updating DEPEND
Compiling enzo.C
Compiling MHDLoopInit.C
Compiling Grid_MHDLoopInitGrid.C
Compiling acml_st1.F
Compiling ActiveParticle.C
Compiling ActiveParticleDepositMass.C
Compiling ActiveParticleFinalize.C
Compiling ActiveParticleFindAll.C
Compiling ActiveParticleInitialize.C
Compiling ActiveParticleResetAccelerations.C
Compiling ActiveParticleRoutines.C
Compiling ActiveParticle_AccretingParticle.C
Compiling ActiveParticle_CenOstriker.C
Compiling ActiveParticle_DisableParticle.C
Compiling ActiveParticle_GalaxyParticle.C
Compiling ActiveParticle_Kravtsov.C
Compiling ActiveParticle_MirrorToParticle.C
Compiling ActiveParticle_PopIII.C
Compiling ActiveParticle_RadiationParticle.C
Compiling ActiveParticle_Skeleton.C
Compiling ActiveParticle_SmartStar.C
Compiling ActiveParticle_SphereContained.C
Compiling ActiveParticle_SpringelHernquist.C
Compiling AdiabaticExpansionInitialize.C
Compiling AdjustRefineRegion.C
Compiling AdjustMustRefineParticlesRefineToLevel.C
Compiling AMRH5writer.C
Compiling AnalysisBaseClass.C
Compiling AnalysisBaseClass_HDF5Utils.C
Compiling arccosh.C
Compiling arcsinh.C
Compiling AssignActiveParticlesToGrids.C
Compiling AssignGridToTaskMap.C
Compiling auto_show_config.C
Compiling auto_show_flags.C
Compiling auto_show_version.C
Compiling NbodyRoutines.C
Compiling PrepareNbodyComputation.C
Compiling BlockSolve.F
Compiling bondi_alpha.C
Compiling calcdiss.F
Compiling calc_dt.F
Compiling calc_dt_c.c
Compiling calc_eigen.F
Compiling calc_photo_rates.F
Compiling calc_rad.F
Compiling calc_rates.F
Compiling calc_tdust_1d.F
Compiling calc_tdust_3d.F
Compiling CalcEmiss.C
Compiling CheckEmissivity.C
Compiling ClearEmissivity.C
Compiling CalculatePopIIILifetime.C
Compiling CalculateSubtractionParameters.C
Compiling CallProblemSpecificRoutines.C
Compiling CallPython.C
Compiling CheckEnergyConservation.C
Compiling CheckForOutput.C
Compiling CheckForResubmit.C
Compiling CheckForTimeAction.C
Compiling CheckOverlap.C
Compiling CheckShearingBoundaryConsistency.C
Compiling chtable.F
Compiling cic_deposit.F
Compiling cic_deposit_c.c
Compiling cic_flag.F
Compiling cic_interp.F
Compiling cic_flag_c.c
Compiling cic_interp_c.c
Compiling cicinterp.F
Compiling cie_thin_cooling_rate.F
Compiling cluster_maker.F
Compiling ClusterInitialize.C
Compiling ClusterSMBHSumGasMass.C
Compiling c_message.C
Compiling colh2diss.F
Compiling CollapseTestInitialize.C
Compiling coll_rates.F
Compiling CommunicationBroadcastValue.C
Compiling CommunicationBufferedSend.C
Compiling CommunicationCombineGrids.C
Compiling CommunicationCollectParticles.C
Compiling CommunicationInitialize.C
Compiling CommunicationLoadBalanceRootGrids.C
Compiling CommunicationLoadBalanceGrids.C
Compiling CommunicationMergeStarParticle.C
Compiling CommunicationParallelFFT.C
Compiling CommunicationPartitionGrid.C
Compiling CommunicationReceiveFluxes.C
Compiling CommunicationReceiveHandler.C
Compiling CommunicationSendFluxes.C
Compiling CommunicationShareActiveParticles.C
Compiling CommunicationShareGrids.C
Compiling CommunicationShareParticles.C
Compiling CommunicationShareStars.C
Compiling CommunicationSyncNumberOfParticles.C
Compiling CommunicationTransferActiveParticles.C
Compiling CommunicationTransferParticlesOpt.C
Compiling CommunicationTransferStarsOpt.C
Compiling CommunicationTransferSubgridParticles.C
Compiling CommunicationTranspose.C
Compiling CommunicationUpdateActiveParticleCount.C
Compiling CommunicationUpdateStarParticleCount.C
Compiling CommunicationUtilities.C
Compiling ComputeDomainBoundaryMassFlux.C
Compiling ConductionBubbleInitialize.C
Compiling ConductionCloudInitialize.C
Compiling ConductionTestInitialize.C
Compiling ConvertParticles2ActiveParticles.C
Compiling comp_accel.F
Compiling ComputePotentialFieldLevelZero.C
Compiling ComputeRandomForcingNormalization.C
Compiling ComputeTable.C
Compiling ConstructFeedbackZone.C
Compiling Continue.C
Compiling cool1d_cloudy.F
Compiling cool1d_koyama.F
Compiling cool1d_multi.F
Compiling cool1d_sep.F
Compiling cool1d.F
Compiling cool_multi_lum.F
Compiling cool_multi_time.F
Compiling cool_time.F
Compiling CoolingTestInitialize.C
Compiling CopyParticlesAcrossPeriodicBoundaries.C
Compiling CopyOverlappingParticleMassFields.C
Compiling CopyOverlappingZones.C
Compiling CopyZonesFromOldGrids.C
Compiling CosmoIonizationInitialize.C
Compiling CosmologyComputeExpansionFactor.C
Compiling CosmologyComputeExpansionTimestep.C
Compiling CosmologyComputeTimeFromRedshift.C
Compiling CosmologyGetUnits.C
Compiling CosmologyReadParameters.C
Compiling CosmologySimulationInitialize.C
Compiling CosmologyTable.C
Compiling CosmologyWriteParameters.C
Compiling cray_x1_fft64.F
Compiling cray_x1_st1_fft64.F
Compiling CreateSiblingList.C
Compiling CreateSmoothedDarkMatterFields.C
Compiling CreateSUBlingList.C
Compiling CreateFluxes.C
Compiling CRShockTubesInitialize.C
Compiling CRTransportTestInitialize.C
Compiling InitializeFluxes.C
Compiling DeleteFluxes.C
Compiling DeleteSUBlingList.C
Compiling DepositActiveParticleMassFlaggingField.C
Compiling DepositBaryons.C
Compiling DepositParticleMassField.C
Compiling DepositParticleMassFlaggingField.C
Compiling DetermineNumberOfNodes.C
Compiling DetermineParallelism.C
Compiling DetermineSubgridSizeExtrema.C
Compiling DetermineSEDParameters.C
Compiling DistributeFeedbackZone.C
Compiling DoubleMachInitialize.C
Compiling E_ColumnFormat.C
Compiling ealFloat.C
Compiling ealInt.C
Compiling Enzo_Dims_create.C
Compiling EnzoVector.C
Compiling EnzoVector_Exchange.C
Compiling EnzoVector_ExchangeStart.C
Compiling EnzoVector_ExchangeEnd.C
Compiling EnzoVector_test.C
Compiling euler.F
Compiling EvolveHierarchy.C
Compiling EventHooks.C
Compiling expand_terms.F
Compiling expand_mhd_terms.F
Compiling ExternalBoundary_AddField.C
Compiling ExposeDataHierarchy.C
Compiling ExposeGridHierarchy.C
Compiling ExternalBoundary_AppendForcingToBaryonFields.C
Compiling ExternalBoundary_constructor.C
Compiling ExternalBoundary_DetachForcingFromBaryonFields.C
Compiling ExternalBoundary_DeleteObsoleteFields.C
Compiling ExternalBoundary_IdentifyPhysicalQuantities.C
Compiling ExternalBoundary_InitializeExternalBoundaryFaceIO.C
Compiling ExternalBoundary_Prepare.C
Compiling ExternalBoundary_ReadExternalBoundary.C
Compiling ExternalBoundary_SetDoubleMachBoundary.C
Compiling ExternalBoundary_SetExternalBoundaryIO.C
Compiling ExternalBoundary_SetExternalBoundaryParticles.C
Compiling ExternalBoundary_SetShockPoolBoundary.C
Compiling ExternalBoundary_SetGalaxySimulationBoundary.C
Compiling ExternalBoundary_SetWavePoolBoundary.C
Compiling ExternalBoundary_SetWengenCollidingFlowBoundary.C
Compiling ExternalBoundary_WriteExternalBoundary.C
Compiling ExtraOutput.C
Compiling ExtractSection.C
Compiling FastFourierTransform.C
Compiling FastFourierTransformPrepareComplex.C
Compiling FastFourierTransformSGIMATH.C
Compiling EvolveLevel.C
Compiling FastSiblingLocatorFinalize.C
Compiling FastSiblingLocatorInitialize.C
Compiling FastSiblingLocatorInitializeStaticChainingMesh.C
Compiling feedback_formulae.F
Compiling fft66.F
Compiling fft90.F90
Compiling ffte4X.F90
Compiling ffte_st1.F90
Compiling fft_utils.F
Compiling FinalizeFluxes.C
Compiling FindCube.C
Compiling FindField.C
Compiling FindSubgrids.C
Compiling flow.C
Compiling flux_hll.F
Compiling flux_hllc.F
Compiling flux_twoshock.F
Compiling FofLib.C
Compiling FOF.C
Compiling FOF_allocate.C
Compiling FOF_cmpfunc.C
Compiling FOF_density.C
Compiling FOF_Finalize.C
Compiling FOF_forcetree.C
Compiling FOF_iindexx.C
Compiling FOF_indexx.C
Compiling FOF_Initialize.C
Compiling FOF_ngbtree.C
Compiling FOF_nrutil.C
Compiling FOF_potential.C
Compiling FOF_properties.C
Compiling FOF_selectb.C
Compiling FOF_sort2_flt_int.C
Compiling FOF_sort2_int.C
Compiling FOF_sort_int.C
Compiling FOF_subfind.C
Compiling FOF_subgroups.C
Compiling FOF_unbind.C
Compiling fortio.F
Compiling fourn.F
Compiling FreeRealMem.C
Compiling FreeExpansionInitialize.C
Compiling FreezeRateData.C
Compiling FriendOfFriend.C
Compiling FSMultiSourceInitialize.C
Compiling FSProb_ComputeOpacityLW.C
Compiling FSProb_constructor.C
Compiling FSProb_destructor.C
Compiling FSProb_FInterface.C
Compiling FSProb_EnforceBoundary.C
Compiling FSProb_Evolve.C
Compiling FSProb_Initialize.C
Compiling FSProb_Dump.C
Compiling FSProb_InitialGuess.F90
Compiling FSProb_SetupSystem.F90
Compiling FSProb_WriteParameters.C
Compiling FSProb_RadiationSource.F90
Compiling FSProb_SetupBoundary.C
Compiling F_ColumnFormat.C
Compiling f_message.F
Compiling Gadget.C
Compiling GadgetInitCoolMemory.C
Compiling GadgetIonizeParamsTable.C
Compiling GadgetMakeCoolingTable.C
Compiling GadgetReadIonizeParams.C
Compiling GalaxySimulationInitialize.C
Compiling GenerateGridArray.C
Compiling GetNodeFreeMemory.C
Compiling GetUnits.C
Compiling gFLDProblem_AnalyticalEqns.F90
Compiling gFLDProblem_ChemistrySource.F90
Compiling gFLDProblem_ComputeRHS.C
Compiling gFLDProblem_ComputeRadiationIntegrals.C
Compiling gFLDProblem_ComputeTemperature.C
Compiling gFLDProblem_ComputeTimeStep.C
Compiling gFLDProblem_constructor.C
Compiling gFLDProblem_CrossSections.C
Compiling gFLDProblem_destructor.C
Compiling gFLDProblem_DiffRHS.F90
Compiling gFLDProblem_Dump.C
Compiling gFLDProblem_EnforceBoundary.C
Compiling gFLDProblem_Evolve.C
Compiling gFLDProblem_FInterface.C
Compiling gFLDProblem_GasEnergySource.F90
Compiling gFLDProblem_InitialGuess.C
Compiling gFLDProblem_Initialize.C
Compiling gFLDProblem_LocalJac.F90
Compiling gFLDProblem_LocalRHS.F90
Compiling gFLDProblem_LocRHS.C
Compiling gFLDProblem_lsetup.C
Compiling gFLDProblem_lsolve.C
Compiling gFLDProblem_MatrixEntries.F90
Compiling gFLDProblem_nlresid.C
Compiling gFLDProblem_Opacity.F90
Compiling gFLDProblem_RadiationSource.F90
Compiling gFLDProblem_RadiationSpectrum.C
Compiling gFLDProblem_SetNewtonBCs.F90
Compiling gFLDProblem_SetupBoundary.C
Compiling gFLDProblem_UpdateBoundary.C
Compiling gFLDProblem_WriteParameters.C
Compiling gFLDSplit_AnalyticChemistry.F90
Compiling gFLDSplit_ChemistrySource.F90
Compiling gFLDSplit_ComputeRadiationIntegrals.C
Compiling gFLDSplit_ComputeTemperature.C
Compiling gFLDSplit_ComputeTimeStep.C
Compiling gFLDSplit_constructor.C
Compiling gFLDSplit_CrossSections.C
Compiling gFLDSplit_destructor.C
Compiling gFLDSplit_Dump.C
Compiling gFLDSplit_EnforceBoundary.C
Compiling gFLDSplit_Evolve.C
Compiling gFLDSplit_FInterface.C
Compiling gFLDSplit_FillRates.C
Compiling gFLDSplit_GasEnergySource.F90
Compiling gFLDSplit_InitialGuess.C
Compiling gFLDSplit_Initialize.C
Compiling gFLDSplit_Opacity.F90
Compiling gFLDSplit_RadiationSource.F90
Compiling gFLDSplit_RadiationSpectrum.C
Compiling gFLDSplit_SetupBoundary.C
Compiling gFLDSplit_SetupSystem.F90
Compiling gFLDSplit_WriteParameters.C
Compiling GrackleReadParameters.C
Compiling GrackleWriteParameters.C
Compiling GravityEquilibriumTestInitialize.C
Compiling Grid_AccelerationBoundaryRoutines.C
Compiling Grid_AccessBaryonFields.C
Compiling Grid_AccreteOntoAccretingParticle.C
Compiling Grid_AccreteOntoSmartStarParticle.C
Compiling Grid_ActiveParticleHandler.C
Compiling Grid_AddActiveParticle.C
Compiling Grid_AddActiveParticles.C
Compiling Grid_AddBaryonsToGravitatingMassField.C

mpicxx     -c -o Grid_AddActiveParticle.o -DLINUX -DH5_USE_16_API   -D__max_subgrids=100000 -D__max_baryons=30 -D__max_cpu_per_node=36 -D__memory_pool_size=100000 -DINITS64 -DSMALL_INTS -DCONFIG_PINT_4 -DIO_32   -DNEW_PROBLEM_TYPES -DUSE_MPI   -DCONFIG_PFLOAT_8 -DCONFIG_BFLOAT_8  -DUSE_HDF5_GROUPS      -DNEW_GRID_IO -DFAST_SIB      -DENZO_PERFORMANCE  -DUSE_GRACKLE  -DUSE_UUID -DSAB  -O3 -g -I/mnt/sw/nix/store/y21dfwf4vgh0nyqpwk1brp3xz87sxpq6-hdf5-1.8.22//include  -I/mnt/sw/nix/store/imz0paik74l75yah5d7nx1d47l445gy1-openmpi-4.0.7/include       -I/mnt/home/yjo10/packages/grackle/build/include    -I. Grid_AddActiveParticle.C


mpicxx     -c -o Grid_AddActiveParticles.o -DLINUX -DH5_USE_16_API   -D__max_subgrids=100000 -D__max_baryons=30 -D__max_cpu_per_node=36 -D__memory_pool_size=100000 -DINITS64 -DSMALL_INTS -DCONFIG_PINT_4 -DIO_32   -DNEW_PROBLEM_TYPES -DUSE_MPI   -DCONFIG_PFLOAT_8 -DCONFIG_BFLOAT_8  -DUSE_HDF5_GROUPS      -DNEW_GRID_IO -DFAST_SIB      -DENZO_PERFORMANCE  -DUSE_GRACKLE  -DUSE_UUID -DSAB  -O3 -g -I/mnt/sw/nix/store/y21dfwf4vgh0nyqpwk1brp3xz87sxpq6-hdf5-1.8.22//include  -I/mnt/sw/nix/store/imz0paik74l75yah5d7nx1d47l445gy1-openmpi-4.0.7/include       -I/mnt/home/yjo10/packages/grackle/build/include    -I. Grid_AddActiveParticles.C

In file included from Grid_AddActiveParticle.C:23:0:
Grid.h:1156:20: warning: invalid suffix on literal; C++11 requires a space between literal and string macro [-Wliteral-suffix]
   {fprintf(stdout, "Baryonfield[field = %"ISYM"][index = %"ISYM"] = %g\n",
                    ^
Grid.h:1156:47: warning: invalid suffix on literal; C++11 requires a space between literal and string macro [-Wliteral-suffix]
   {fprintf(stdout, "Baryonfield[field = %"ISYM"][index = %"ISYM"] = %g\n",
                                               ^
In file included from Grid_AddActiveParticles.C:21:0:
Grid.h:1156:20: warning: invalid suffix on literal; C++11 requires a space between literal and string macro [-Wliteral-suffix]
   {fprintf(stdout, "Baryonfield[field = %"ISYM"][index = %"ISYM"] = %g\n",
                    ^
Grid.h:1156:47: warning: invalid suffix on literal; C++11 requires a space between literal and string macro [-Wliteral-suffix]
   {fprintf(stdout, "Baryonfield[field = %"ISYM"][index = %"ISYM"] = %g\n",
                                               ^

mpicxx     -c -o Grid_AddBaryonsToGravitatingMassField.o -DLINUX -DH5_USE_16_API   -D__max_subgrids=100000 -D__max_baryons=30 -D__max_cpu_per_node=36 -D__memory_pool_size=100000 -DINITS64 -DSMALL_INTS -DCONFIG_PINT_4 -DIO_32   -DNEW_PROBLEM_TYPES -DUSE_MPI   -DCONFIG_PFLOAT_8 -DCONFIG_BFLOAT_8  -DUSE_HDF5_GROUPS      -DNEW_GRID_IO -DFAST_SIB      -DENZO_PERFORMANCE  -DUSE_GRACKLE  -DUSE_UUID -DSAB  -O3 -g -I/mnt/sw/nix/store/y21dfwf4vgh0nyqpwk1brp3xz87sxpq6-hdf5-1.8.22//include  -I/mnt/sw/nix/store/imz0paik74l75yah5d7nx1d47l445gy1-openmpi-4.0.7/include       -I/mnt/home/yjo10/packages/grackle/build/include    -I. Grid_AddBaryonsToGravitatingMassField.C

In file included from Grid_AddBaryonsToGravitatingMassField.C:24:0:
Grid.h:1156:20: warning: invalid suffix on literal; C++11 requires a space between literal and string macro [-Wliteral-suffix]
   {fprintf(stdout, "Baryonfield[field = %"ISYM"][index = %"ISYM"] = %g\n",
                    ^
Grid.h:1156:47: warning: invalid suffix on literal; C++11 requires a space between literal and string macro [-Wliteral-suffix]
   {fprintf(stdout, "Baryonfield[field = %"ISYM"][index = %"ISYM"] = %g\n",
                                               ^
Grid_AddBaryonsToGravitatingMassField.C:67:18: warning: invalid suffix on literal; C++11 requires a space between literal and string macro [-Wliteral-suffix]
       ENZO_VFAIL("Offset[%"ISYM"] = %"ISYM" < 0\n", dim, Offset[dim])
                  ^
Grid_AddBaryonsToGravitatingMassField.C:67:32: warning: invalid suffix on literal; C++11 requires a space between literal and string macro [-Wliteral-suffix]
       ENZO_VFAIL("Offset[%"ISYM"] = %"ISYM" < 0\n", dim, Offset[dim])
                                ^
Grid.h:1818:7: error: 'int grid::CopyNbodyParticles(int*, int*, double*, double**, double**, double**)' cannot be overloaded
   int CopyNbodyParticles(int* count,int NbodyParticleIDTemp[], float NbodyParticleMassTemp[],
       ^~~~~~~~~~~~~~~~~~
Grid.h:1795:7: error: with 'int grid::CopyNbodyParticles(int*, int*, double*, double**, double**, double**)'
   int CopyNbodyParticles(int* count,int NbodyParticleIDTemp[], float NbodyParticleMassTemp[],
       ^~~~~~~~~~~~~~~~~~
Grid.h:1818:7: error: 'int grid::CopyNbodyParticles(int*, int*, double*, double**, double**, double**)' cannot be overloaded
   int CopyNbodyParticles(int* count,int NbodyParticleIDTemp[], float NbodyParticleMassTemp[],
       ^~~~~~~~~~~~~~~~~~
Grid.h:1795:7: error: with 'int grid::CopyNbodyParticles(int*, int*, double*, double**, double**, double**)'
   int CopyNbodyParticles(int* count,int NbodyParticleIDTemp[], float NbodyParticleMassTemp[],
       ^~~~~~~~~~~~~~~~~~

make: *** [Makefile:275: Grid_AddActiveParticle.o] Error 1
make: *** Waiting for unfinished jobs....

make: *** [Makefile:275: Grid_AddActiveParticles.o] Error 1
In file included from Grid_AddBaryonsToGravitatingMassField.C:24:0:
Grid.h:1818:7: error: 'int grid::CopyNbodyParticles(int*, int*, double*, double**, double**, double**)' cannot be overloaded
   int CopyNbodyParticles(int* count,int NbodyParticleIDTemp[], float NbodyParticleMassTemp[],
       ^~~~~~~~~~~~~~~~~~
Grid.h:1795:7: error: with 'int grid::CopyNbodyParticles(int*, int*, double*, double**, double**, double**)'
   int CopyNbodyParticles(int* count,int NbodyParticleIDTemp[], float NbodyParticleMassTemp[],
       ^~~~~~~~~~~~~~~~~~

make: *** [Makefile:275: Grid_AddBaryonsToGravitatingMassField.o] Error 1
cp: cannot stat 'enzo.exe': No such file or directory
Make done!
/mnt/home/yjo10/packages/enzo_test/src/enzo
Sat Jan  7 18:11:43 EST 2023
Sat Jan  7 18:11:43 EST 2023
