/mnt/home/yjo10/packages/enzo_test/src/enzo
worker2004
Mon Jan  9 19:03:14 EST 2023
Making enzo on
/mnt/home/yjo10/packages/enzo_test/src/enzo
make[1]: Entering directory '/mnt/home/yjo10/packages/enzo_test/src/enzo'

   MACHINE: Generic Ubuntu 8.04
   MACHINE-NAME: rusty

   PARAMETER_MAX_SUBGRIDS  [max-subgrids-###]                : 100000
   PARAMETER_MAX_BARYONS  [max-baryons-###]                  : 30
   PARAMETER_MAX_TASKS_PER_NODE  [max-tasks-per-node-###]    : 8
   PARAMETER_MEMORY_POOL_SIZE  [memory-pool-###]             : 100000

   CONFIG_PRECISION  [precision-{32,64}]                     : 64
   CONFIG_PARTICLES  [particles-{32,64,128}]                 : 64
   CONFIG_INTEGERS  [integers-{32,64}]                       : 64
   CONFIG_PARTICLE_IDS  [particle-id-{32,64}]                : 64
   CONFIG_INITS  [inits-{32,64}]                             : 64
   CONFIG_IO  [io-{32,64}]                                   : 32
   CONFIG_USE_MPI  [use-mpi-{yes,no}]                        : yes
   CONFIG_TASKMAP  [taskmap-{yes,no}]                        : no
   CONFIG_PACKED_AMR  [packed-amr-{yes,no}]                  : yes
   CONFIG_PACKED_MEM  [packed-mem-{yes,no}]                  : no
   CONFIG_LCAPERF  [lcaperf-{yes,no}]                        : no
   CONFIG_PAPI  [papi-{yes,no}]                              : no
   CONFIG_PYTHON  [python-{yes,no}]                          : no
   CONFIG_NEW_PROBLEM_TYPES  [new-problem-types-{yes,no}]    : no
   CONFIG_ECUDA  [cuda-{yes,no}]                             : no
   CONFIG_OOC_BOUNDARY  [ooc-boundary-{yes,no}]              : no
   CONFIG_ACCELERATION_BOUNDARY  [acceleration-boundary-{yes,no}] : yes
   CONFIG_OPT  [opt-{warn,debug,cudadebug,high,aggressive}]  : debug
   CONFIG_TESTING  [testing-{yes,no}]                        : no
   CONFIG_PHOTON  [photon-{yes,no}]                          : yes
   CONFIG_HYPRE  [hypre-{yes,no}]                            : no
   CONFIG_EMISSIVITY  [emissivity-{yes,no}]                  : no
   CONFIG_USE_HDF4  [use-hdf4-{yes,no}]                      : no
   CONFIG_NEW_GRID_IO  [newgridio-{yes,no}]                  : yes
   CONFIG_BITWISE_IDENTICALITY  [bitwise-{yes,no}]           : no
   CONFIG_FAST_SIB  [fastsib-{yes,no}]                       : yes
   CONFIG_GRAVITY_4S  [gravity-4s-{yes,no}]                  : no
   CONFIG_ENZO_PERFORMANCE  [enzo-performance-{yes,no}]      : yes
   CONFIG_GRACKLE  [grackle-{yes,no}]                        : no
   CONFIG_LOG2ALLOC  [log2alloc-{yes,no}]                    : no
   CONFIG_UUID  [uuid-{yes,no}]                              : yes

make[1]: Leaving directory '/mnt/home/yjo10/packages/enzo_test/src/enzo'
make[1]: Entering directory '/mnt/home/yjo10/packages/enzo_test/src/enzo'

 *** Execute 'gmake clean' before rebuilding executables ***

make[1]: Leaving directory '/mnt/home/yjo10/packages/enzo_test/src/enzo'
Configure complete.

Due to MODULEPATH changes, the following have been reloaded:
  1) openblas/threaded-0.3.20

The following have been reloaded with a version change:
  1) gcc/10.3.0 => gcc/7.5.0


 *** Execute 'gmake clean' before rebuilding executables ***

   MACHINE: Generic Ubuntu 8.04
   MACHINE-NAME: rusty


 *** Execute 'gmake clean' before rebuilding executables ***

   CONFIG_PRECISION  [precision-{32,64}]                     : 64

   CONFIG_INTEGERS  [integers-{32,64}]                       : 32

   CONFIG_PARTICLE_IDS  [particle-id-{32,64}]                : 32

   PARAMETER_MAX_BARYONS  [max-baryons-###]                  : 30

   CONFIG_OPT  [opt-{warn,debug,cudadebug,high,aggressive}]  : aggressive

   CONFIG_LCAPERF  [lcaperf-{yes,no}]                        : no

   PARAMETER_MAX_TASKS_PER_NODE  [max-tasks-per-node-###]    : 36

   CONFIG_GRACKLE  [grackle-{yes,no}]                        : yes

   CONFIG_NEW_PROBLEM_TYPES  [new-problem-types-{yes,no}]    : yes

   CONFIG_PHOTON  [photon-{yes,no}]                          : no


   MACHINE: Generic Ubuntu 8.04
   MACHINE-NAME: rusty

   PARAMETER_MAX_SUBGRIDS  [max-subgrids-###]                : 100000
   PARAMETER_MAX_BARYONS  [max-baryons-###]                  : 30
   PARAMETER_MAX_TASKS_PER_NODE  [max-tasks-per-node-###]    : 36
   PARAMETER_MEMORY_POOL_SIZE  [memory-pool-###]             : 100000

   CONFIG_PRECISION  [precision-{32,64}]                     : 64
   CONFIG_PARTICLES  [particles-{32,64,128}]                 : 64
   CONFIG_INTEGERS  [integers-{32,64}]                       : 32
   CONFIG_PARTICLE_IDS  [particle-id-{32,64}]                : 32
   CONFIG_INITS  [inits-{32,64}]                             : 64
   CONFIG_IO  [io-{32,64}]                                   : 32
   CONFIG_USE_MPI  [use-mpi-{yes,no}]                        : yes
   CONFIG_TASKMAP  [taskmap-{yes,no}]                        : no
   CONFIG_PACKED_AMR  [packed-amr-{yes,no}]                  : yes
   CONFIG_PACKED_MEM  [packed-mem-{yes,no}]                  : no
   CONFIG_LCAPERF  [lcaperf-{yes,no}]                        : no
   CONFIG_PAPI  [papi-{yes,no}]                              : no
   CONFIG_PYTHON  [python-{yes,no}]                          : no
   CONFIG_NEW_PROBLEM_TYPES  [new-problem-types-{yes,no}]    : yes
   CONFIG_ECUDA  [cuda-{yes,no}]                             : no
   CONFIG_OOC_BOUNDARY  [ooc-boundary-{yes,no}]              : no
   CONFIG_ACCELERATION_BOUNDARY  [acceleration-boundary-{yes,no}] : yes
   CONFIG_OPT  [opt-{warn,debug,cudadebug,high,aggressive}]  : aggressive
   CONFIG_TESTING  [testing-{yes,no}]                        : no
   CONFIG_PHOTON  [photon-{yes,no}]                          : no
   CONFIG_HYPRE  [hypre-{yes,no}]                            : no
   CONFIG_EMISSIVITY  [emissivity-{yes,no}]                  : no
   CONFIG_USE_HDF4  [use-hdf4-{yes,no}]                      : no
   CONFIG_NEW_GRID_IO  [newgridio-{yes,no}]                  : yes
   CONFIG_BITWISE_IDENTICALITY  [bitwise-{yes,no}]           : no
   CONFIG_FAST_SIB  [fastsib-{yes,no}]                       : yes
   CONFIG_GRAVITY_4S  [gravity-4s-{yes,no}]                  : no
   CONFIG_ENZO_PERFORMANCE  [enzo-performance-{yes,no}]      : yes
   CONFIG_GRACKLE  [grackle-{yes,no}]                        : yes
   CONFIG_LOG2ALLOC  [log2alloc-{yes,no}]                    : no
   CONFIG_UUID  [uuid-{yes,no}]                              : yes


CPP = /mnt/sw/nix/store/494gvfa9gj2ibqg8210v89h2iljfgqj8-gcc-7.5.0/bin/cpp
CC  = /mnt/sw/nix/store/imz0paik74l75yah5d7nx1d47l445gy1-openmpi-4.0.7/bin/mpicc
CXX = /mnt/sw/nix/store/imz0paik74l75yah5d7nx1d47l445gy1-openmpi-4.0.7/bin/mpicxx
FC  = /mnt/sw/nix/store/imz0paik74l75yah5d7nx1d47l445gy1-openmpi-4.0.7/bin/mpif90
F90 = /mnt/sw/nix/store/imz0paik74l75yah5d7nx1d47l445gy1-openmpi-4.0.7/bin/mpif90
LD  = /mnt/sw/nix/store/imz0paik74l75yah5d7nx1d47l445gy1-openmpi-4.0.7/bin/mpicxx

DEFINES = -DLINUX -DH5_USE_16_API   -D__max_subgrids=100000 -D__max_baryons=30 -D__max_cpu_per_node=36 -D__memory_pool_size=100000 -DINITS64 -DSMALL_INTS -DCONFIG_PINT_4 -DIO_32   -DNEW_PROBLEM_TYPES -DUSE_MPI   -DCONFIG_PFLOAT_8 -DCONFIG_BFLOAT_8  -DUSE_HDF5_GROUPS      -DNEW_GRID_IO -DFAST_SIB      -DENZO_PERFORMANCE  -DUSE_GRACKLE  -DUSE_UUID -DSAB

INCLUDES = -I/mnt/sw/nix/store/y21dfwf4vgh0nyqpwk1brp3xz87sxpq6-hdf5-1.8.22//include  -I/mnt/sw/nix/store/imz0paik74l75yah5d7nx1d47l445gy1-openmpi-4.0.7/include       -I/mnt/home/yjo10/packages/grackle/build/include    -I.

CPPFLAGS = -P -traditional
CFLAGS   =  -O3 -g
CXXFLAGS =  -O3 -g
FFLAGS   =  -O3 -g
F90FLAGS =  -O3 -g
LDFLAGS  =  -O3 -g

LIBS     = -L/mnt/sw/nix/store/y21dfwf4vgh0nyqpwk1brp3xz87sxpq6-hdf5-1.8.22//lib -lhdf5 -lz  -lgfortran   -L/mnt/sw/nix/store/imz0paik74l75yah5d7nx1d47l445gy1-openmpi-4.0.7/lib -lmpi        -L/mnt/home/yjo10/packages/grackle/build/lib -lgrackle


Updating DEPEND
Compiling enzo.C
Compiling MHDLoopInit.C
Compiling Grid_MHDLoopInitGrid.C
Compiling acml_st1.F
Compiling ActiveParticle.C
Compiling ActiveParticleDepositMass.C
Compiling ActiveParticleFinalize.C
Compiling ActiveParticleFindAll.C
Compiling ActiveParticleInitialize.C
Compiling ActiveParticleResetAccelerations.C
Compiling ActiveParticleRoutines.C
Compiling ActiveParticle_AccretingParticle.C
Compiling ActiveParticle_CenOstriker.C
Compiling ActiveParticle_DisableParticle.C
Compiling ActiveParticle_GalaxyParticle.C
Compiling ActiveParticle_Kravtsov.C
Compiling ActiveParticle_MirrorToParticle.C
Compiling ActiveParticle_PopIII.C
Compiling ActiveParticle_RadiationParticle.C
Compiling ActiveParticle_Skeleton.C
Compiling ActiveParticle_SmartStar.C
Compiling ActiveParticle_SphereContained.C
Compiling ActiveParticle_SpringelHernquist.C
Compiling AdiabaticExpansionInitialize.C
Compiling AdjustRefineRegion.C
Compiling AdjustMustRefineParticlesRefineToLevel.C
Compiling AMRH5writer.C
Compiling AnalysisBaseClass.C
Compiling AnalysisBaseClass_HDF5Utils.C
Compiling arccosh.C
Compiling arcsinh.C
Compiling AssignActiveParticlesToGrids.C
Compiling AssignGridToTaskMap.C
Compiling auto_show_config.C
Compiling auto_show_flags.C
Compiling auto_show_version.C
Compiling NbodyRoutines.C
Compiling PrepareNbodyComputation.C
Compiling BlockSolve.F
Compiling bondi_alpha.C
Compiling calcdiss.F
Compiling calc_dt.F
Compiling calc_eigen.F
Compiling calc_dt_c.c
Compiling calc_photo_rates.F
Compiling calc_rad.F
Compiling calc_rates.F
Compiling calc_tdust_1d.F
Compiling calc_tdust_3d.F
Compiling CalcEmiss.C
Compiling CheckEmissivity.C
Compiling ClearEmissivity.C
Compiling CalculatePopIIILifetime.C
Compiling CalculateSubtractionParameters.C
Compiling CallProblemSpecificRoutines.C
Compiling CallPython.C
Compiling CheckEnergyConservation.C
Compiling CheckForOutput.C
Compiling CheckForResubmit.C
Compiling CheckForTimeAction.C
Compiling CheckOverlap.C
Compiling CheckShearingBoundaryConsistency.C
Compiling chtable.F
Compiling cic_deposit.F
Compiling cic_deposit_c.c
Compiling cic_flag.F
Compiling cic_flag_c.c
Compiling cic_interp.F
Compiling cic_interp_c.c
Compiling cicinterp.F
Compiling cie_thin_cooling_rate.F
Compiling cluster_maker.F
Compiling ClusterInitialize.C
Compiling ClusterSMBHSumGasMass.C
Compiling c_message.C
Compiling colh2diss.F
Compiling CollapseTestInitialize.C
Compiling coll_rates.F
Compiling CommunicationBroadcastValue.C
Compiling CommunicationBufferedSend.C
Compiling CommunicationCombineGrids.C
Compiling CommunicationCollectParticles.C
Compiling CommunicationInitialize.C
Compiling CommunicationLoadBalanceRootGrids.C
Compiling CommunicationLoadBalanceGrids.C
Compiling CommunicationMergeStarParticle.C
Compiling CommunicationParallelFFT.C
Compiling CommunicationPartitionGrid.C
Compiling CommunicationReceiveFluxes.C
Compiling CommunicationReceiveHandler.C
Compiling CommunicationSendFluxes.C
Compiling CommunicationShareActiveParticles.C
Compiling CommunicationShareGrids.C
Compiling CommunicationShareParticles.C
Compiling CommunicationShareStars.C
Compiling CommunicationSyncNumberOfParticles.C
Compiling CommunicationTransferActiveParticles.C
Compiling CommunicationTransferParticlesOpt.C
Compiling CommunicationTransferStarsOpt.C
Compiling CommunicationTransferSubgridParticles.C
Compiling CommunicationTranspose.C
Compiling CommunicationUpdateActiveParticleCount.C
Compiling CommunicationUpdateStarParticleCount.C
Compiling CommunicationUtilities.C
Compiling ComputeDomainBoundaryMassFlux.C
Compiling ConductionBubbleInitialize.C
Compiling ConductionCloudInitialize.C
Compiling ConductionTestInitialize.C
Compiling ConvertParticles2ActiveParticles.C
Compiling comp_accel.F
Compiling ComputePotentialFieldLevelZero.C
Compiling ComputeRandomForcingNormalization.C
Compiling ComputeTable.C
Compiling ConstructFeedbackZone.C
Compiling Continue.C
Compiling cool1d_cloudy.F
Compiling cool1d_koyama.F
Compiling cool1d_multi.F
Compiling cool1d_sep.F
Compiling cool1d.F
Compiling cool_multi_lum.F
Compiling cool_multi_time.F
Compiling cool_time.F
Compiling CoolingTestInitialize.C
Compiling CopyParticlesAcrossPeriodicBoundaries.C
Compiling CopyOverlappingParticleMassFields.C
Compiling CopyOverlappingZones.C
Compiling CopyZonesFromOldGrids.C
Compiling CosmoIonizationInitialize.C
Compiling CosmologyComputeExpansionFactor.C
Compiling CosmologyComputeExpansionTimestep.C
Compiling CosmologyComputeTimeFromRedshift.C
Compiling CosmologyGetUnits.C
Compiling CosmologyReadParameters.C
Compiling CosmologySimulationInitialize.C
Compiling CosmologyTable.C
Compiling CosmologyWriteParameters.C
Compiling cray_x1_fft64.F
Compiling cray_x1_st1_fft64.F
Compiling CreateSiblingList.C
Compiling CreateSmoothedDarkMatterFields.C
Compiling CreateSUBlingList.C
Compiling CreateFluxes.C
Compiling CRShockTubesInitialize.C
Compiling CRTransportTestInitialize.C
Compiling InitializeFluxes.C
Compiling DeleteFluxes.C
Compiling DeleteSUBlingList.C
Compiling DepositBaryons.C
Compiling DepositActiveParticleMassFlaggingField.C
Compiling DepositParticleMassField.C
Compiling DepositParticleMassFlaggingField.C
Compiling DetermineNumberOfNodes.C
Compiling DetermineParallelism.C
Compiling DetermineSubgridSizeExtrema.C
Compiling DetermineSEDParameters.C
Compiling DistributeFeedbackZone.C
Compiling DoubleMachInitialize.C
Compiling E_ColumnFormat.C
Compiling ealFloat.C
Compiling ealInt.C
Compiling Enzo_Dims_create.C
Compiling EnzoVector.C
Compiling EnzoVector_Exchange.C
Compiling EnzoVector_ExchangeStart.C
Compiling EnzoVector_ExchangeEnd.C
Compiling EnzoVector_test.C
Compiling euler.F
Compiling EvolveHierarchy.C
Compiling EventHooks.C
Compiling expand_terms.F
Compiling expand_mhd_terms.F
Compiling ExternalBoundary_AddField.C
Compiling ExposeDataHierarchy.C
Compiling ExposeGridHierarchy.C
Compiling ExternalBoundary_AppendForcingToBaryonFields.C
Compiling ExternalBoundary_constructor.C
Compiling ExternalBoundary_DetachForcingFromBaryonFields.C
Compiling ExternalBoundary_DeleteObsoleteFields.C
Compiling ExternalBoundary_IdentifyPhysicalQuantities.C
Compiling ExternalBoundary_InitializeExternalBoundaryFaceIO.C
Compiling ExternalBoundary_Prepare.C
Compiling ExternalBoundary_ReadExternalBoundary.C
Compiling ExternalBoundary_SetDoubleMachBoundary.C
Compiling ExternalBoundary_SetExternalBoundaryIO.C
Compiling ExternalBoundary_SetExternalBoundaryParticles.C
Compiling ExternalBoundary_SetShockPoolBoundary.C
Compiling ExternalBoundary_SetGalaxySimulationBoundary.C
Compiling ExternalBoundary_SetWavePoolBoundary.C
Compiling ExternalBoundary_SetWengenCollidingFlowBoundary.C
Compiling ExternalBoundary_WriteExternalBoundary.C
Compiling ExtraOutput.C
Compiling ExtractSection.C
Compiling FastFourierTransform.C
Compiling FastFourierTransformPrepareComplex.C
Compiling FastFourierTransformSGIMATH.C
Compiling EvolveLevel.C
Compiling FastSiblingLocatorFinalize.C
Compiling FastSiblingLocatorInitialize.C
Compiling feedback_formulae.F
Compiling FastSiblingLocatorInitializeStaticChainingMesh.C
Compiling fft66.F
Compiling fft90.F90
Compiling ffte4X.F90
Compiling ffte_st1.F90
Compiling fft_utils.F
Compiling FinalizeFluxes.C
Compiling FindCube.C
Compiling FindField.C
Compiling FindSubgrids.C
Compiling flow.C
Compiling flux_hll.F
Compiling flux_hllc.F
Compiling flux_twoshock.F
Compiling FofLib.C
Compiling FOF.C
Compiling FOF_allocate.C
Compiling FOF_cmpfunc.C
Compiling FOF_density.C
Compiling FOF_Finalize.C
Compiling FOF_forcetree.C
Compiling FOF_iindexx.C
Compiling FOF_indexx.C
Compiling FOF_Initialize.C
Compiling FOF_ngbtree.C
Compiling FOF_nrutil.C
Compiling FOF_potential.C
Compiling FOF_properties.C
Compiling FOF_selectb.C
Compiling FOF_sort2_flt_int.C
Compiling FOF_sort2_int.C
Compiling FOF_sort_int.C
Compiling FOF_subfind.C
Compiling FOF_subgroups.C
Compiling FOF_unbind.C
Compiling fortio.F
Compiling fourn.F
Compiling FreeRealMem.C
Compiling FreeExpansionInitialize.C
Compiling FreezeRateData.C
Compiling FriendOfFriend.C
Compiling FSMultiSourceInitialize.C
Compiling FSProb_ComputeOpacityLW.C
Compiling FSProb_constructor.C
Compiling FSProb_destructor.C
Compiling FSProb_FInterface.C
Compiling FSProb_EnforceBoundary.C
Compiling FSProb_Evolve.C
Compiling FSProb_Initialize.C
Compiling FSProb_Dump.C
Compiling FSProb_InitialGuess.F90
Compiling FSProb_SetupSystem.F90
Compiling FSProb_WriteParameters.C
Compiling FSProb_RadiationSource.F90
Compiling FSProb_SetupBoundary.C
Compiling F_ColumnFormat.C
Compiling f_message.F
Compiling Gadget.C
Compiling GadgetInitCoolMemory.C
Compiling GadgetIonizeParamsTable.C
Compiling GadgetMakeCoolingTable.C
Compiling GadgetReadIonizeParams.C
Compiling GalaxySimulationInitialize.C
Compiling GenerateGridArray.C
Compiling GetNodeFreeMemory.C
Compiling GetUnits.C
Compiling gFLDProblem_AnalyticalEqns.F90
Compiling gFLDProblem_ChemistrySource.F90
Compiling gFLDProblem_ComputeRHS.C
Compiling gFLDProblem_ComputeRadiationIntegrals.C
Compiling gFLDProblem_ComputeTemperature.C
Compiling gFLDProblem_ComputeTimeStep.C
Compiling gFLDProblem_constructor.C
Compiling gFLDProblem_CrossSections.C
Compiling gFLDProblem_destructor.C
Compiling gFLDProblem_DiffRHS.F90
Compiling gFLDProblem_Dump.C
Compiling gFLDProblem_EnforceBoundary.C
Compiling gFLDProblem_Evolve.C
Compiling gFLDProblem_FInterface.C
Compiling gFLDProblem_GasEnergySource.F90
Compiling gFLDProblem_InitialGuess.C
Compiling gFLDProblem_Initialize.C
Compiling gFLDProblem_LocalJac.F90
Compiling gFLDProblem_LocalRHS.F90
Compiling gFLDProblem_LocRHS.C
Compiling gFLDProblem_lsetup.C
Compiling gFLDProblem_lsolve.C
Compiling gFLDProblem_MatrixEntries.F90
Compiling gFLDProblem_nlresid.C
Compiling gFLDProblem_Opacity.F90
Compiling gFLDProblem_RadiationSource.F90
Compiling gFLDProblem_RadiationSpectrum.C
Compiling gFLDProblem_SetNewtonBCs.F90
Compiling gFLDProblem_SetupBoundary.C
Compiling gFLDProblem_UpdateBoundary.C
Compiling gFLDProblem_WriteParameters.C
Compiling gFLDSplit_AnalyticChemistry.F90
Compiling gFLDSplit_ChemistrySource.F90
Compiling gFLDSplit_ComputeRadiationIntegrals.C
Compiling gFLDSplit_ComputeTemperature.C
Compiling gFLDSplit_ComputeTimeStep.C
Compiling gFLDSplit_constructor.C
Compiling gFLDSplit_CrossSections.C
Compiling gFLDSplit_destructor.C
Compiling gFLDSplit_Dump.C
Compiling gFLDSplit_EnforceBoundary.C
Compiling gFLDSplit_Evolve.C
Compiling gFLDSplit_FInterface.C
Compiling gFLDSplit_FillRates.C
Compiling gFLDSplit_GasEnergySource.F90
Compiling gFLDSplit_InitialGuess.C
Compiling gFLDSplit_Initialize.C
Compiling gFLDSplit_Opacity.F90
Compiling gFLDSplit_RadiationSource.F90
Compiling gFLDSplit_RadiationSpectrum.C
Compiling gFLDSplit_SetupBoundary.C
Compiling gFLDSplit_SetupSystem.F90
Compiling gFLDSplit_WriteParameters.C
Compiling GrackleReadParameters.C
Compiling GrackleWriteParameters.C
Compiling GravityEquilibriumTestInitialize.C
Compiling Grid_AccelerationBoundaryRoutines.C
Compiling Grid_AccessBaryonFields.C
Compiling Grid_AccreteOntoAccretingParticle.C
Compiling Grid_AccreteOntoSmartStarParticle.C
Compiling Grid_ActiveParticleHandler.C
Compiling Grid_AddActiveParticle.C
Compiling Grid_AddActiveParticles.C
Compiling Grid_AddBaryonsToGravitatingMassField.C
Compiling Grid_AddExternalAcceleration.C
Compiling Grid_AddExternalPotentialField.C
Compiling Grid_AddFeedbackSphere.C
Compiling Grid_AddFieldMassToMassFlaggingField.C
Compiling Grid_AddFields.C
Compiling Grid_AddMagneticSupernovaeToList.C
Compiling Grid_AddOneParticleFromList.C
Compiling Grid_AddOverlappingParticleMassField.C
Compiling Grid_AddParticlesFromList.C
Compiling Grid_AddRandomForcing.C
Compiling Grid_AddToBoundaryFluxes.C
Compiling Grid_AllocateGrids.C
Compiling Grid_AnalyzeTrackPeaks.C
Compiling Grid_AppendActiveParticlesToList.C
Compiling Grid_AppendForcingToBaryonFields.C
Compiling Grid_ApplyGalaxyParticleFeedback.C
Compiling Grid_ApplyGalaxyParticleGravity.C
Compiling Grid_ApplySmartStarParticleFeedback.C
Compiling Grid_ApplyTimeAction.C
Compiling Grid_AveragedVelocityAtCell.C
Compiling Grid_CalculateAngularMomentum.C
Compiling Grid_CalculateJeansMass.C
Compiling Grid_CalculateSmartStarAccretionRate.C
Compiling Grid_CalculateSpecificQuantities.C
Compiling Grid_ChangeParticleTypeBeforeSN.C
Compiling Grid_CheckForExternalReflections.C
Compiling Grid_CheckForOverlap.C
Compiling Grid_CheckForPossibleOverlap.C
Compiling grid_cic.F
Compiling Grid_CheckForSharedFace.C
Compiling grid_ngp.F
Compiling Grid_CleanUpMovedParticles.C
Compiling Grid_CleanUp.C
Compiling Grid_ClearBoundaryFluxes.C
Compiling Grid_ClearFlaggingField.C
Compiling Grid_ClearGravitatingMassField.C
Compiling Grid_ClearGravitatingMassFieldParticles.C
Compiling Grid_ClearMassFlaggingField.C
Compiling Grid_ClearParticleAccelerations.C
Compiling Grid_ClearParticleMassFlaggingField.C
Compiling Grid_ClusterInitializeGrid.C
Compiling Grid_ClusterSMBHFeedback.C
Compiling Grid_ClusterSMBHEachGridGasMass.C
Compiling Grid_CollapseTestInitializeGrid.C
Compiling Grid_CollectActiveParticles.C
Compiling Grid_CollectGridInformation.C
Compiling Grid_CollectParticles.C
Compiling Grid_CollectParticleMassFlaggingField.C
Compiling Grid_CollectStars.C
Compiling Grid_CommunicationMoveGrid.C
Compiling Grid_CommunicationReceiveRegion.C
Compiling Grid_CommunicationSendActiveParticles.C
Compiling Grid_CommunicationSendParticles.C
Compiling Grid_CommunicationSendStars.C
Compiling Grid_CommunicationSendRegion.C
Compiling Grid_CommunicationTransferActiveParticles.C
Compiling Grid_CommunicationTransferParticlesOpt.C
Compiling Grid_CommunicationTransferStarsOpt.C
Compiling Grid_ComovingExpansionTerms.C
Compiling Grid_ComovingGravitySourceTerm.C
Compiling Grid_ComputeAccelerationFieldExternal.C
Compiling Grid_ComputeAccelerationField.C
Compiling Grid_ComputeAccelerations.C
Compiling Grid_ComputeAccelerationsFromExternalPotential.C
Compiling Grid_ComputeAnisotropicCRDiffusion.C
Compiling Grid_ComputeCellCenteredField.C
Compiling Grid_ComputeConductionTimeStep.C
Compiling Grid_ComputeCoolingTime.C
Compiling Grid_ComputeCRDiffusion.C
Compiling Grid_ComputeCRDiffusionTimeStep.C
Compiling Grid_ComputeCRStreaming.C
Compiling Grid_ComputeCRStreamingTimeStep.C
Compiling Grid_ComputeDomainBoundaryMassFlux.C
Compiling Grid_ComputeDustTemperatureField.C
Compiling Grid_ComputeElementalDensity.C
Compiling Grid_ComputeEnergy.C
Compiling Grid_ComputeExternalNohBoundary.C
Compiling Grid_ComputeGammaField.C
Compiling Grid_ComputeHeat.C
Compiling Grid_ComputeLuminosity.C
Compiling Grid_ComputeMetalLineLuminosity.C
Compiling Grid_ComputeOneZoneCollapseFactor.C
Compiling Grid_ComputePressure.C
Compiling Grid_ComputeRandomForcingFields.C
Compiling Grid_ComputeTemperatureField.C
Compiling Grid_ComputeTimeStep.C
Compiling Grid_ComputeVectorAnalysisFields.C
Compiling Grid_ComputeVertexCenteredField.C
Compiling Grid_ComputeXrayEmissivity.C
Compiling Grid_ConductHeat.C
Compiling Grid_ConductionBubbleInitialize.C
Compiling Grid_ConductionCloudInitialize.C
Compiling Grid_ConductionTestInitialize.C
Compiling Grid_constructor.C
Compiling Grid_ConvertColorFieldsToFractions.C
Compiling Grid_ConvertTotalEnergyToGasEnergy.C
Compiling Grid_ConvertToNumpy.C
Compiling Grid_CoolingTestResetEnergies.C
Compiling Grid_CoolingTestInitializeGrid.C
Compiling Grid_CopyActiveZonesFromGrid.C
Compiling Grid_CopyBaryonFieldToOldBaryonField.C
Compiling Grid_CopyOverlappingMassField.C
Compiling Grid_CopyParentToGravitatingFieldBoundary.C
Compiling Grid_CopyPotentialField.C
Compiling Grid_CopyPotentialToBaryonField.C
Compiling Grid_CopyZonesFromGridCountOnly.C
Compiling Grid_CopyZonesFromGrid.C
Compiling Grid_CorrectForRefinedFluxes.C
Compiling Grid_CosmoIonizationInitializeGrid.C
Compiling Grid_CosmologyInitializeParticles.C
Compiling Grid_CosmologySimulationInitializeGrid.C
Compiling Grid_CreateChildParticles.C
Compiling Grid_CreateFieldArray.C
Compiling Grid_CreateParticleTypeGrouping.C
Compiling Grid_CRShockTubesInitializeGrid.C
Compiling Grid_CRTransportTestInitialize.C
Compiling Grid_DebugActiveParticles.C
Compiling Grid_DebugCheck.C
Compiling Grid_DeleteAllButParticles.C
Compiling Grid_DeleteAllFields.C
Compiling Grid_DeleteBaryonFields.C
Compiling Grid_DeleteFlaggingField.C
Compiling Grid_DepositBaryons.C
Compiling Grid_DeleteObsoleteFields.C
Compiling Grid_DepositMustRefineParticles.C
Compiling Grid_DepositParticlePositions.C
Compiling Grid_DepositParticlePositionsLocal.C
Compiling Grid_DepositPositions.C
Compiling Grid_DepositRefinementZone.C
Compiling Grid_destructor.C
Compiling Grid_DetermineActiveParticleTypes.C
Compiling Grid_DetachForcingFromBaryonFields.C
Compiling Grid_DoubleMachInitializeGrid.C
Compiling Grid_FastSiblingLocatorAddGrid.C
Compiling Grid_FastSiblingLocatorFindSiblings.C
Compiling Grid_FindMassinRegion.C
Compiling Grid_FindMinimumPotential.C
Compiling Grid_FindAllStarParticles.C
Compiling Grid_FindAngularMomentumMinimum.C
Compiling Grid_FindAverageTemperature.C
Compiling Grid_FindMassiveParticles.C
Compiling Grid_FindMinimumParticleMass.C
Compiling Grid_FindNewStarParticles.C
Compiling Grid_FindShocks.C
Compiling Grid_FinishFFT.C
Compiling Grid_FlagBufferZones.C
Compiling Grid_FlagCellsToAvoidRefinement.C
Compiling Grid_FlagCellsToAvoidRefinementRegion.C
Compiling Grid_FlagCellsToBeRefinedByCoolingTime.C
Compiling Grid_FlagCellsToBeRefinedByJeansLength.C
Compiling Grid_FlagCellsToBeRefinedByTotalJeansLength.C
Compiling Grid_FlagCellsToBeRefinedByMass.C
Compiling Grid_FlagCellsToBeRefinedByMetallicity.C
Compiling Grid_FlagCellsToBeRefinedByMetalMass.C
Compiling Grid_FlagCellsToBeRefinedByMustRefineRegion.C
Compiling Grid_FlagCellsToBeRefinedByResistiveLength.C
Compiling Grid_FlagCellsToBeRefinedByShear.C
Compiling Grid_FlagCellsToBeRefinedByShocks.C
Compiling Grid_FlagCellsToBeRefinedByShockwaves.C
Compiling Grid_FlagCellsToBeRefinedBySlope.C
Compiling Grid_FlagCellsToBeRefinedBySecondDerivative.C
Compiling Grid_FlagRefinedCells.C
Compiling Grid_FlagGridArray.C
Compiling Grid_FreeExpansionInitializeGrid.C
Compiling Grid_FSMultiSourceInitializeGrid.C
Compiling Grid_GadgetCalculateCooling.C
Compiling Grid_GadgetComputeTemperatureDEF.C
Compiling Grid_GadgetComputeTemperature.C
Compiling Grid_Gadgetconvertutotemp.C
Compiling Grid_GadgetCoolingRate.C
Compiling Grid_GadgetCoolingRateFromU.C
Compiling Grid_GadgetCoolingTime.C
Compiling Grid_Gadgetfindabundancesandrates.C
Compiling Grid_GadgetEquilibriumCooling.C
Compiling Grid_GalaxySimulationInitializeGrid.C
Compiling Grid_GetActiveParticlePosition.C
Compiling Grid_GetEnclosedMass.C
Compiling Grid_GetEnclosedMassInShell.C
Compiling Grid_GetProjectedBoundaryFluxes.C
Compiling Grid_GrackleWrapper.C
Compiling Grid_GrackleCustomCoolRate.C
Compiling Grid_GravityEquilibriumTestInitializeGrid.C
Compiling Grid_Group_WriteGridInterpolate.C
Compiling Grid_Group_WriteGrid.C
Compiling Grid_Group_ReadGrid.C
Compiling New_Grid_WriteGrid.C
Compiling New_Grid_ReadGrid.C
Compiling Grid_IdentifyColourFields.C
Compiling Grid_HydroShockTubesInitializeGrid.C
Compiling Grid_IdentifyShockSpeciesFields.C
Compiling Grid_IdentifyGloverSpeciesFields.C
Compiling Grid_IdentifyNewSubgrids.C
Compiling Grid_IdentifyNewSubgridsSmall.C
Compiling Grid_IdentifyPhysicalQuantities.C
Compiling Grid_IdentifyRadiativeTransferFields.C
Compiling Grid_IdentifySpeciesFields.C
Compiling Grid_ImplosionInitializeGrid.C
Compiling Grid_InheritProperties.C
Compiling Grid_InitializeGravitatingMassField.C
Compiling Grid_InitializeGravitatingMassFieldParticles.C
Compiling Grid_InitializeUniformGrid.C
Compiling Grid_InterpolateAccelerations.C
Compiling Grid_InterpolateBoundaryFromParent.C
Compiling Grid_InterpolateFieldValues.C
Compiling Grid_InterpolateParticlePositions.C
Compiling Grid_InterpolateParticlesToGrid.C
Compiling Grid_InterpolatePositions.C
Compiling Grid_InterpolateStarParticlesToGrid.C
Compiling Grid_KHInitializeGrid.C
Compiling Grid_KHInitializeGridRamp.C
Compiling Grid_MagneticFieldResetter.C
Compiling Grid_MirrorStarParticles.C
Compiling Grid_MoveAllParticles.C
Compiling Grid_MoveAllStars.C
Compiling Grid_MoveParticlesFOF.C
Compiling Grid_MoveSubgridParticlesFast.C
Compiling Grid_MoveSubgridActiveParticles.C
Compiling Grid_MoveSubgridParticles.C
Compiling Grid_MoveSubgridStars.C
Compiling Grid_MultiSpeciesHandler.C
Compiling Grid_MustRefineParticlesFlagFromList.C
Compiling Grid_MustRefineParticlesFlagInRegion.C
Compiling Grid_NestedCosmologySimulationInitializeGrid.C
Compiling Grid_NohInitializeGrid.C
Compiling Grid_OldStarFeedback.C
Compiling Grid_AddStellarWind.C
Compiling Grid_OneZoneFreefallTestInitializeGrid.C
Compiling Grid_OutputAsParticleData.C
Compiling Grid_OutputStarParticleInformation.C
Compiling Grid_ParticleSplitter.C
Compiling Grid_PoissonSolver.C
Compiling Grid_PoissonSolverCGA.C
Compiling Grid_PoissonSolverTestInitializeGrid.C
Compiling Grid_PrepareBoundaryFluxes.C
Compiling Grid_PrepareBoundaryMassFluxFieldNumbers.C
Compiling Grid_PrepareFFT.C
Compiling Grid_PrepareGreensFunction.C
Compiling Grid_PrepareGridDerivedQuantities.C
Compiling Grid_PrepareGrid.C
Compiling Grid_PreparePeriodicGreensFunction.C
Compiling Grid_PreparePotentialField.C
Compiling Grid_PrepareRandomForcingNormalization.C
Compiling Grid_PressurelessCollapseInitialize.C
Compiling Grid_ProjectSolutionToParentGrid.C
Compiling Grid_ProjectToPlane.C
Compiling Grid_ProjectToPlane2.C
Compiling Grid_ProtostellarCollapseInitializeGrid.C
Compiling Grid_PutSinkRestartInitialize.C
Compiling Grid_RadHydroConstTestInitializeGrid.C
Compiling Grid_RadHydroGreyMarshakWaveInitializeGrid.C
Compiling Grid_RadHydroPulseTestInitializeGrid.C
Compiling Grid_RadHydroRadShockInitializeGrid.C
Compiling Grid_RadHydroStreamTestInitializeGrid.C
Compiling Grid_RadiationComputeDensities.C
Compiling Grid_RadiatingShockInitializeGrid.C
Compiling Grid_ReadGrid.C
Compiling Grid_RemoveMassFromGrid.C
Compiling Grid_CosmologyReadParticles3D.C
Compiling Grid_ReadHierarchyInformationHDF5.C
Compiling Grid_ReadRandomForcingFields.C
Compiling Grid_RemoveActiveParticle.C
Compiling Grid_RemoveForcingFromBaryonFields.C
Compiling Grid_RemoveParticle.C
Compiling Grid_RestoreEnergyConsistency.C
Compiling Grid_ReturnFluxDims.C
Compiling Grid_ReturnGridInfo.C
Compiling Grid_ReturnNumberOfActiveParticlesOfThisType.C
Compiling Grid_ReturnNumberOfStarParticles.C
Compiling Grid_ReturnParticleEntry.C
Compiling Grid_ReturnStarStatistics.C
Compiling Grid_RHIonizationClumpInitializeGrid.C
Compiling Grid_RHIonizationSteepInitializeGrid.C
Compiling Grid_RHIonizationTestInitializeGrid.C
Compiling Grid_RotatingCylinderInitialize.C
Compiling Grid_RotatingDiskInitializeGrid.C
Compiling Grid_RotatingSphereInitialize.C
Compiling Grid_SedovBlastInitializeGrid.C
Compiling Grid_SedovBlastInitializeGrid3D.C
Compiling Grid_SetExternalBoundaryValues.C
Compiling Grid_SetFlaggingField.C
Compiling Grid_SetFlaggingFieldMultiRefineRegions.C
Compiling Grid_SetFlaggingFieldStaticRegions.C
Compiling Grid_SetIsolatedPotentialBoundary.C
Compiling Grid_SetMinimumSupport.C
Compiling Grid_SetNewParticleIndex.C
Compiling Grid_SetParticleMassFlaggingField.C
Compiling Grid_ShearingBoxInitializeGrid.C
Compiling Grid_ShearingBox2DInitializeGrid.C
Compiling Grid_ShearingBoxStratifiedInitializeGrid.C
Compiling Grid_ShocksHandler.C
Compiling Grid_SolveForPotential.C
Compiling Grid_SolveHydroEquations.C
Compiling Grid_SolveOneZoneFreefall.C
Compiling Grid_SolveMHD_Li.C
Compiling Grid_SolvePPM_DE.C
Compiling Grid_SolveRadiativeCooling.C
Compiling Grid_SolveRateAndCoolEquations.C
Compiling Grid_SolveRateEquations.C
Compiling Grid_SortActiveParticlesByNumber.C
Compiling Grid_SortParticlesByNumber.C
Compiling Grid_SortParticlesByType.C
Compiling Grid_SphericalInfallGetProfile.C
Compiling Grid_SphericalInfallInitializeGrid.C
Compiling Grid_StarParticleHandler.C
Compiling Grid_StratifiedMediumExplosionInitialize.C
Compiling Grid_SupernovaRestartInitialize.C
Compiling Grid_SubtractAccretedMassFromSphere.C
Compiling Grid_TestGravityCheckResults.C
Compiling Grid_TestGravityInitializeGrid.C
Compiling Grid_TestGravityMotionInitializeGrid.C
Compiling Grid_TestGravitySphereCheckResults.C
Compiling Grid_TestGravitySphereInitializeGrid.C
Compiling Grid_TestOrbitInitializeGrid.C
Compiling Grid_TestStarParticleInitializeGrid.C
Compiling Grid_TracerParticleCreateParticles.C
Compiling Grid_TracerParticleOutputData.C
Compiling Grid_TracerParticleSetVelocity.C
Compiling Grid_TransferSubgridActiveParticles.C
Compiling Grid_TransferSubgridParticles.C
Compiling Grid_TransferSubgridStars.C
Compiling Grid_TurbulenceSimulationInitialize.C
Compiling Grid_UpdateParticlePosition.C
Compiling Grid_UpdateParticleVelocity.C
Compiling Grid_UpdateStarParticles.C
Compiling Grid_WriteCubeInterpolate.C
Compiling Grid_WriteCube.C
Compiling Grid_WriteGridInterpolate.C
Compiling Grid_WriteGrid.C
Compiling Grid_WriteGridX.C
Compiling Grid_WriteHierarchyInformationHDF5.C
Compiling Grid_WriteMemoryMap.C
Compiling Grid_WriteNewMovieData.C
Compiling Grid_WriteNewMovieDataSeparateParticles.C
Compiling Grid_WriteStuff.C
Compiling Grid_WriteTaskMap.C
Compiling Grid_ZeldovichPancakeInitializeGrid.C
Compiling Grid_ZeroSolutionUnderSubgrid.C
Compiling Grid_ZeusSolver.C
Compiling Grid_xEulerSweep.C
Compiling Grid_yEulerSweep.C
Compiling Grid_zEulerSweep.C
Compiling Group_ReadAllData.C
Compiling Group_ReadDataHierarchy.C
Compiling Group_WriteAllData.C
Compiling Group_WriteDataHierarchy.C
Compiling h5utilities.C
Compiling HilbertCurve3D.C
Compiling Hierarchy_DeleteHierarchyEntry.C
Compiling HydroShockTubesInitialize.C
Compiling ibm_fft64.F
Compiling ibm_st1_fft64.F
Compiling I_ColumnFormat.C
Compiling IdentifyNewSubgridsBySignature.C
Compiling ImplosionInitialize.C
Compiling InexactNewton.C
