/mnt/home/yjo10/packages/enzo_test/src/enzo
worker2004
Mon Jan  9 16:42:55 EST 2023
Making enzo on
/mnt/home/yjo10/packages/enzo_test/src/enzo
make[1]: Entering directory '/mnt/home/yjo10/packages/enzo_test/src/enzo'

   MACHINE: Generic Ubuntu 8.04
   MACHINE-NAME: rusty

   PARAMETER_MAX_SUBGRIDS  [max-subgrids-###]                : 100000
   PARAMETER_MAX_BARYONS  [max-baryons-###]                  : 30
   PARAMETER_MAX_TASKS_PER_NODE  [max-tasks-per-node-###]    : 8
   PARAMETER_MEMORY_POOL_SIZE  [memory-pool-###]             : 100000

   CONFIG_PRECISION  [precision-{32,64}]                     : 64
   CONFIG_PARTICLES  [particles-{32,64,128}]                 : 64
   CONFIG_INTEGERS  [integers-{32,64}]                       : 64
   CONFIG_PARTICLE_IDS  [particle-id-{32,64}]                : 64
   CONFIG_INITS  [inits-{32,64}]                             : 64
   CONFIG_IO  [io-{32,64}]                                   : 32
   CONFIG_USE_MPI  [use-mpi-{yes,no}]                        : yes
   CONFIG_TASKMAP  [taskmap-{yes,no}]                        : no
   CONFIG_PACKED_AMR  [packed-amr-{yes,no}]                  : yes
   CONFIG_PACKED_MEM  [packed-mem-{yes,no}]                  : no
   CONFIG_LCAPERF  [lcaperf-{yes,no}]                        : no
   CONFIG_PAPI  [papi-{yes,no}]                              : no
   CONFIG_PYTHON  [python-{yes,no}]                          : no
   CONFIG_NEW_PROBLEM_TYPES  [new-problem-types-{yes,no}]    : no
   CONFIG_ECUDA  [cuda-{yes,no}]                             : no
   CONFIG_OOC_BOUNDARY  [ooc-boundary-{yes,no}]              : no
   CONFIG_ACCELERATION_BOUNDARY  [acceleration-boundary-{yes,no}] : yes
   CONFIG_OPT  [opt-{warn,debug,cudadebug,high,aggressive}]  : debug
   CONFIG_TESTING  [testing-{yes,no}]                        : no
   CONFIG_PHOTON  [photon-{yes,no}]                          : yes
   CONFIG_HYPRE  [hypre-{yes,no}]                            : no
   CONFIG_EMISSIVITY  [emissivity-{yes,no}]                  : no
   CONFIG_USE_HDF4  [use-hdf4-{yes,no}]                      : no
   CONFIG_NEW_GRID_IO  [newgridio-{yes,no}]                  : yes
   CONFIG_BITWISE_IDENTICALITY  [bitwise-{yes,no}]           : no
   CONFIG_FAST_SIB  [fastsib-{yes,no}]                       : yes
   CONFIG_GRAVITY_4S  [gravity-4s-{yes,no}]                  : no
   CONFIG_ENZO_PERFORMANCE  [enzo-performance-{yes,no}]      : yes
   CONFIG_GRACKLE  [grackle-{yes,no}]                        : no
   CONFIG_LOG2ALLOC  [log2alloc-{yes,no}]                    : no
   CONFIG_UUID  [uuid-{yes,no}]                              : yes

make[1]: Leaving directory '/mnt/home/yjo10/packages/enzo_test/src/enzo'
make[1]: Entering directory '/mnt/home/yjo10/packages/enzo_test/src/enzo'

 *** Execute 'gmake clean' before rebuilding executables ***

make[1]: Leaving directory '/mnt/home/yjo10/packages/enzo_test/src/enzo'
Configure complete.

Due to MODULEPATH changes, the following have been reloaded:
  1) openblas/threaded-0.3.20

The following have been reloaded with a version change:
  1) gcc/10.3.0 => gcc/7.5.0


 *** Execute 'gmake clean' before rebuilding executables ***

   MACHINE: Generic Ubuntu 8.04
   MACHINE-NAME: rusty


 *** Execute 'gmake clean' before rebuilding executables ***

   CONFIG_PRECISION  [precision-{32,64}]                     : 64

   CONFIG_INTEGERS  [integers-{32,64}]                       : 32

   CONFIG_PARTICLE_IDS  [particle-id-{32,64}]                : 32

   PARAMETER_MAX_BARYONS  [max-baryons-###]                  : 30

   CONFIG_OPT  [opt-{warn,debug,cudadebug,high,aggressive}]  : aggressive

   CONFIG_LCAPERF  [lcaperf-{yes,no}]                        : no

   PARAMETER_MAX_TASKS_PER_NODE  [max-tasks-per-node-###]    : 36

   CONFIG_GRACKLE  [grackle-{yes,no}]                        : yes

   CONFIG_NEW_PROBLEM_TYPES  [new-problem-types-{yes,no}]    : yes

   CONFIG_PHOTON  [photon-{yes,no}]                          : no


   MACHINE: Generic Ubuntu 8.04
   MACHINE-NAME: rusty

   PARAMETER_MAX_SUBGRIDS  [max-subgrids-###]                : 100000
   PARAMETER_MAX_BARYONS  [max-baryons-###]                  : 30
   PARAMETER_MAX_TASKS_PER_NODE  [max-tasks-per-node-###]    : 36
   PARAMETER_MEMORY_POOL_SIZE  [memory-pool-###]             : 100000

   CONFIG_PRECISION  [precision-{32,64}]                     : 64
   CONFIG_PARTICLES  [particles-{32,64,128}]                 : 64
   CONFIG_INTEGERS  [integers-{32,64}]                       : 32
   CONFIG_PARTICLE_IDS  [particle-id-{32,64}]                : 32
   CONFIG_INITS  [inits-{32,64}]                             : 64
   CONFIG_IO  [io-{32,64}]                                   : 32
   CONFIG_USE_MPI  [use-mpi-{yes,no}]                        : yes
   CONFIG_TASKMAP  [taskmap-{yes,no}]                        : no
   CONFIG_PACKED_AMR  [packed-amr-{yes,no}]                  : yes
   CONFIG_PACKED_MEM  [packed-mem-{yes,no}]                  : no
   CONFIG_LCAPERF  [lcaperf-{yes,no}]                        : no
   CONFIG_PAPI  [papi-{yes,no}]                              : no
   CONFIG_PYTHON  [python-{yes,no}]                          : no
   CONFIG_NEW_PROBLEM_TYPES  [new-problem-types-{yes,no}]    : yes
   CONFIG_ECUDA  [cuda-{yes,no}]                             : no
   CONFIG_OOC_BOUNDARY  [ooc-boundary-{yes,no}]              : no
   CONFIG_ACCELERATION_BOUNDARY  [acceleration-boundary-{yes,no}] : yes
   CONFIG_OPT  [opt-{warn,debug,cudadebug,high,aggressive}]  : aggressive
   CONFIG_TESTING  [testing-{yes,no}]                        : no
   CONFIG_PHOTON  [photon-{yes,no}]                          : no
   CONFIG_HYPRE  [hypre-{yes,no}]                            : no
   CONFIG_EMISSIVITY  [emissivity-{yes,no}]                  : no
   CONFIG_USE_HDF4  [use-hdf4-{yes,no}]                      : no
   CONFIG_NEW_GRID_IO  [newgridio-{yes,no}]                  : yes
   CONFIG_BITWISE_IDENTICALITY  [bitwise-{yes,no}]           : no
   CONFIG_FAST_SIB  [fastsib-{yes,no}]                       : yes
   CONFIG_GRAVITY_4S  [gravity-4s-{yes,no}]                  : no
   CONFIG_ENZO_PERFORMANCE  [enzo-performance-{yes,no}]      : yes
   CONFIG_GRACKLE  [grackle-{yes,no}]                        : yes
   CONFIG_LOG2ALLOC  [log2alloc-{yes,no}]                    : no
   CONFIG_UUID  [uuid-{yes,no}]                              : yes


CPP = /mnt/sw/nix/store/494gvfa9gj2ibqg8210v89h2iljfgqj8-gcc-7.5.0/bin/cpp
CC  = /mnt/sw/nix/store/imz0paik74l75yah5d7nx1d47l445gy1-openmpi-4.0.7/bin/mpicc
CXX = /mnt/sw/nix/store/imz0paik74l75yah5d7nx1d47l445gy1-openmpi-4.0.7/bin/mpicxx
FC  = /mnt/sw/nix/store/imz0paik74l75yah5d7nx1d47l445gy1-openmpi-4.0.7/bin/mpif90
F90 = /mnt/sw/nix/store/imz0paik74l75yah5d7nx1d47l445gy1-openmpi-4.0.7/bin/mpif90
LD  = /mnt/sw/nix/store/imz0paik74l75yah5d7nx1d47l445gy1-openmpi-4.0.7/bin/mpicxx

DEFINES = -DLINUX -DH5_USE_16_API   -D__max_subgrids=100000 -D__max_baryons=30 -D__max_cpu_per_node=36 -D__memory_pool_size=100000 -DINITS64 -DSMALL_INTS -DCONFIG_PINT_4 -DIO_32   -DNEW_PROBLEM_TYPES -DUSE_MPI   -DCONFIG_PFLOAT_8 -DCONFIG_BFLOAT_8  -DUSE_HDF5_GROUPS      -DNEW_GRID_IO -DFAST_SIB      -DENZO_PERFORMANCE  -DUSE_GRACKLE  -DUSE_UUID -DSAB

INCLUDES = -I/mnt/sw/nix/store/y21dfwf4vgh0nyqpwk1brp3xz87sxpq6-hdf5-1.8.22//include  -I/mnt/sw/nix/store/imz0paik74l75yah5d7nx1d47l445gy1-openmpi-4.0.7/include       -I/mnt/home/yjo10/packages/grackle/build/include    -I.

CPPFLAGS = -P -traditional
CFLAGS   =  -O3 -g
CXXFLAGS =  -O3 -g
FFLAGS   =  -O3 -g
F90FLAGS =  -O3 -g
LDFLAGS  =  -O3 -g

LIBS     = -L/mnt/sw/nix/store/y21dfwf4vgh0nyqpwk1brp3xz87sxpq6-hdf5-1.8.22//lib -lhdf5 -lz  -lgfortran   -L/mnt/sw/nix/store/imz0paik74l75yah5d7nx1d47l445gy1-openmpi-4.0.7/lib -lmpi        -L/mnt/home/yjo10/packages/grackle/build/lib -lgrackle


Updating DEPEND
Compiling enzo.C
Compiling MHDLoopInit.C
Compiling Grid_MHDLoopInitGrid.C
Compiling acml_st1.F
Compiling ActiveParticle.C
Compiling ActiveParticleDepositMass.C
Compiling ActiveParticleFinalize.C
Compiling ActiveParticleFindAll.C
Compiling ActiveParticleInitialize.C
Compiling ActiveParticleResetAccelerations.C
Compiling ActiveParticleRoutines.C
Compiling ActiveParticle_AccretingParticle.C
Compiling ActiveParticle_CenOstriker.C
Compiling ActiveParticle_DisableParticle.C
Compiling ActiveParticle_GalaxyParticle.C
Compiling ActiveParticle_Kravtsov.C
Compiling ActiveParticle_MirrorToParticle.C
Compiling ActiveParticle_PopIII.C
Compiling ActiveParticle_RadiationParticle.C
Compiling ActiveParticle_Skeleton.C
Compiling ActiveParticle_SmartStar.C
Compiling ActiveParticle_SphereContained.C
Compiling ActiveParticle_SpringelHernquist.C
Compiling AdiabaticExpansionInitialize.C
Compiling AdjustRefineRegion.C
Compiling AdjustMustRefineParticlesRefineToLevel.C
Compiling AMRH5writer.C
Compiling AnalysisBaseClass.C
Compiling AnalysisBaseClass_HDF5Utils.C
Compiling arccosh.C
Compiling arcsinh.C
Compiling AssignActiveParticlesToGrids.C
Compiling AssignGridToTaskMap.C
Compiling auto_show_config.C
Compiling auto_show_flags.C
Compiling auto_show_version.C
Compiling NbodyRoutines.C
Compiling PrepareNbodyComputation.C
Compiling BlockSolve.F
Compiling bondi_alpha.C

mpicxx     -c -o PrepareNbodyComputation.o -DLINUX -DH5_USE_16_API   -D__max_subgrids=100000 -D__max_baryons=30 -D__max_cpu_per_node=36 -D__memory_pool_size=100000 -DINITS64 -DSMALL_INTS -DCONFIG_PINT_4 -DIO_32   -DNEW_PROBLEM_TYPES -DUSE_MPI   -DCONFIG_PFLOAT_8 -DCONFIG_BFLOAT_8  -DUSE_HDF5_GROUPS      -DNEW_GRID_IO -DFAST_SIB      -DENZO_PERFORMANCE  -DUSE_GRACKLE  -DUSE_UUID -DSAB  -O3 -g -I/mnt/sw/nix/store/y21dfwf4vgh0nyqpwk1brp3xz87sxpq6-hdf5-1.8.22//include  -I/mnt/sw/nix/store/imz0paik74l75yah5d7nx1d47l445gy1-openmpi-4.0.7/include       -I/mnt/home/yjo10/packages/grackle/build/include    -I. PrepareNbodyComputation.C

In file included from PrepareNbodyComputation.C:27:0:
Grid.h:1156:20: warning: invalid suffix on literal; C++11 requires a space between literal and string macro [-Wliteral-suffix]
   {fprintf(stdout, "Baryonfield[field = %"ISYM"][index = %"ISYM"] = %g\n",
                    ^
Grid.h:1156:47: warning: invalid suffix on literal; C++11 requires a space between literal and string macro [-Wliteral-suffix]
   {fprintf(stdout, "Baryonfield[field = %"ISYM"][index = %"ISYM"] = %g\n",
                                               ^
Compiling calcdiss.F
PrepareNbodyComputation.C: In function 'int PrepareNbodyComputation(LevelHierarchyEntry**, int)':
PrepareNbodyComputation.C:121:32: error: invalid conversion from 'int*' to 'int' [-fpermissive]
   start_index = FindStartIndex(&LocalNumberOfNbodyParticles);
                                ^~~~~~~~~~~~~~~~~~~~~~~~~~~~
In file included from PrepareNbodyComputation.C:32:0:
NbodyRoutines.h:23:5: note:   initializing argument 1 of 'int FindStartIndex(int)'
 int FindStartIndex(int LocalNumberOfNbodyParticles);
     ^~~~~~~~~~~~~~
Compiling calc_dt.F
PrepareNbodyComputation.C:215:116: warning: passing NULL to non-pointer argument 5 of 'int MPI_Gather(const void*, int, MPI_Datatype, void*, int, MPI_Datatype, int, MPI_Comm)' [-Wconversion-null]
    MPI_Gather(&LocalNumberOfNbodyParticles, 1, IntDataType, NULL, NULL, IntDataType, ROOT_PROCESSOR, MPI_COMM_WORLD);
                                                                                                                    ^
PrepareNbodyComputation.C:216:100: warning: passing NULL to non-pointer argument 5 of 'int MPI_Gather(const void*, int, MPI_Datatype, void*, int, MPI_Datatype, int, MPI_Comm)' [-Wconversion-null]
    MPI_Gather(&start_index, 1, IntDataType, NULL, NULL, IntDataType, ROOT_PROCESSOR, MPI_COMM_WORLD);
                                                                                                    ^

make: *** [Makefile:273: PrepareNbodyComputation.o] Error 1
make: *** Waiting for unfinished jobs....
cp: cannot stat 'enzo.exe': No such file or directory
Make done!
/mnt/home/yjo10/packages/enzo_test/src/enzo
Mon Jan  9 16:43:16 EST 2023
Mon Jan  9 16:43:16 EST 2023
